{"total": {"lines":{"total":13972,"covered":13698,"skipped":0,"pct":98.04},"statements":{"total":14546,"covered":14251,"skipped":0,"pct":97.97},"functions":{"total":3962,"covered":3853,"skipped":0,"pct":97.25},"branches":{"total":7338,"covered":6981,"skipped":0,"pct":95.13}}
,"/Users/shirlytian/Documents/AN/aui/src/index/Cart/index.jsx": {"lines":{"total":3,"covered":3,"skipped":0,"pct":100},"functions":{"total":2,"covered":2,"skipped":0,"pct":100},"statements":{"total":3,"covered":3,"skipped":0,"pct":100},"branches":{"total":2,"covered":2,"skipped":0,"pct":100}}
,"/Users/shirlytian/Documents/AN/aui/src/index/Cart/actions/reservation.js": {"lines":{"total":20,"covered":20,"skipped":0,"pct":100},"functions":{"total":12,"covered":12,"skipped":0,"pct":100},"statements":{"total":23,"covered":23,"skipped":0,"pct":100},"branches":{"total":0,"covered":0,"skipped":0,"pct":100}}
,"/Users/shirlytian/Documents/AN/aui/src/index/Cart/components/Reservation/index.jsx": {"lines":{"total":27,"covered":27,"skipped":0,"pct":100},"functions":{"total":13,"covered":13,"skipped":0,"pct":100},"statements":{"total":28,"covered":28,"skipped":0,"pct":100},"branches":{"total":12,"covered":12,"skipped":0,"pct":100}}
,"/Users/shirlytian/Documents/AN/aui/src/index/Cart/components/Reservation/reservationDetail.jsx": {"lines":{"total":3,"covered":3,"skipped":0,"pct":100},"functions":{"total":1,"covered":1,"skipped":0,"pct":100},"statements":{"total":3,"covered":3,"skipped":0,"pct":100},"branches":{"total":2,"covered":1,"skipped":0,"pct":50}}
,"/Users/shirlytian/Documents/AN/aui/src/index/Cart/components/Reservation/reservationList.jsx": {"lines":{"total":17,"covered":17,"skipped":0,"pct":100},"functions":{"total":6,"covered":6,"skipped":0,"pct":100},"statements":{"total":17,"covered":17,"skipped":0,"pct":100},"branches":{"total":4,"covered":4,"skipped":0,"pct":100}}
,"/Users/shirlytian/Documents/AN/aui/src/index/Cart/reducers/reservation.js": {"lines":{"total":15,"covered":15,"skipped":0,"pct":100},"functions":{"total":4,"covered":4,"skipped":0,"pct":100},"statements":{"total":15,"covered":15,"skipped":0,"pct":100},"branches":{"total":0,"covered":0,"skipped":0,"pct":100}}
,"/Users/shirlytian/Documents/AN/aui/src/index/Confirmation/index.jsx": {"lines":{"total":4,"covered":4,"skipped":0,"pct":100},"functions":{"total":2,"covered":2,"skipped":0,"pct":100},"statements":{"total":4,"covered":4,"skipped":0,"pct":100},"branches":{"total":5,"covered":5,"skipped":0,"pct":100}}
,"/Users/shirlytian/Documents/AN/aui/src/index/Confirmation/actions/index.js": {"lines":{"total":2,"covered":2,"skipped":0,"pct":100},"functions":{"total":1,"covered":1,"skipped":0,"pct":100},"statements":{"total":2,"covered":2,"skipped":0,"pct":100},"branches":{"total":0,"covered":0,"skipped":0,"pct":100}}
,"/Users/shirlytian/Documents/AN/aui/src/index/Confirmation/actions/permitConfirmation.js": {"lines":{"total":3,"covered":3,"skipped":0,"pct":100},"functions":{"total":2,"covered":2,"skipped":0,"pct":100},"statements":{"total":3,"covered":3,"skipped":0,"pct":100},"branches":{"total":0,"covered":0,"skipped":0,"pct":100}}
,"/Users/shirlytian/Documents/AN/aui/src/index/Confirmation/components/PermitConfirmation/TransactionItem.jsx": {"lines":{"total":5,"covered":5,"skipped":0,"pct":100},"functions":{"total":2,"covered":2,"skipped":0,"pct":100},"statements":{"total":5,"covered":5,"skipped":0,"pct":100},"branches":{"total":2,"covered":2,"skipped":0,"pct":100}}
,"/Users/shirlytian/Documents/AN/aui/src/index/Confirmation/components/PermitConfirmation/index.jsx": {"lines":{"total":24,"covered":23,"skipped":0,"pct":95.83},"functions":{"total":11,"covered":10,"skipped":0,"pct":90.91},"statements":{"total":24,"covered":23,"skipped":0,"pct":95.83},"branches":{"total":14,"covered":14,"skipped":0,"pct":100}}
,"/Users/shirlytian/Documents/AN/aui/src/index/Confirmation/reducers/index.js": {"lines":{"total":3,"covered":3,"skipped":0,"pct":100},"functions":{"total":0,"covered":0,"skipped":0,"pct":100},"statements":{"total":3,"covered":3,"skipped":0,"pct":100},"branches":{"total":0,"covered":0,"skipped":0,"pct":100}}
,"/Users/shirlytian/Documents/AN/aui/src/index/Confirmation/reducers/permitConfirmation.js": {"lines":{"total":15,"covered":15,"skipped":0,"pct":100},"functions":{"total":1,"covered":1,"skipped":0,"pct":100},"statements":{"total":15,"covered":15,"skipped":0,"pct":100},"branches":{"total":0,"covered":0,"skipped":0,"pct":100}}
,"/Users/shirlytian/Documents/AN/aui/src/index/CustomError/index.jsx": {"lines":{"total":2,"covered":2,"skipped":0,"pct":100},"functions":{"total":1,"covered":1,"skipped":0,"pct":100},"statements":{"total":2,"covered":2,"skipped":0,"pct":100},"branches":{"total":0,"covered":0,"skipped":0,"pct":100}}
,"/Users/shirlytian/Documents/AN/aui/src/index/Payment/index.jsx": {"lines":{"total":45,"covered":44,"skipped":0,"pct":97.78},"functions":{"total":9,"covered":8,"skipped":0,"pct":88.89},"statements":{"total":45,"covered":44,"skipped":0,"pct":97.78},"branches":{"total":25,"covered":25,"skipped":0,"pct":100}}
,"/Users/shirlytian/Documents/AN/aui/src/index/Payment/actions/index.js": {"lines":{"total":129,"covered":127,"skipped":0,"pct":98.45},"functions":{"total":31,"covered":30,"skipped":0,"pct":96.77},"statements":{"total":131,"covered":128,"skipped":0,"pct":97.71},"branches":{"total":61,"covered":54,"skipped":0,"pct":88.52}}
,"/Users/shirlytian/Documents/AN/aui/src/index/Payment/actions/payer.js": {"lines":{"total":88,"covered":88,"skipped":0,"pct":100},"functions":{"total":31,"covered":31,"skipped":0,"pct":100},"statements":{"total":92,"covered":92,"skipped":0,"pct":100},"branches":{"total":24,"covered":23,"skipped":0,"pct":95.83}}
,"/Users/shirlytian/Documents/AN/aui/src/index/Payment/actions/paymentAction.js": {"lines":{"total":4,"covered":4,"skipped":0,"pct":100},"functions":{"total":3,"covered":3,"skipped":0,"pct":100},"statements":{"total":4,"covered":4,"skipped":0,"pct":100},"branches":{"total":0,"covered":0,"skipped":0,"pct":100}}
,"/Users/shirlytian/Documents/AN/aui/src/index/Payment/actions/paymentFooter.js": {"lines":{"total":243,"covered":236,"skipped":0,"pct":97.12},"functions":{"total":34,"covered":32,"skipped":0,"pct":94.12},"statements":{"total":248,"covered":241,"skipped":0,"pct":97.18},"branches":{"total":156,"covered":145,"skipped":0,"pct":92.95}}
,"/Users/shirlytian/Documents/AN/aui/src/index/Payment/actions/modals/Magtek.js": {"lines":{"total":66,"covered":64,"skipped":0,"pct":96.97},"functions":{"total":27,"covered":27,"skipped":0,"pct":100},"statements":{"total":75,"covered":73,"skipped":0,"pct":97.33},"branches":{"total":6,"covered":6,"skipped":0,"pct":100}}
,"/Users/shirlytian/Documents/AN/aui/src/index/Payment/actions/modals/NewCreditCard.js": {"lines":{"total":40,"covered":40,"skipped":0,"pct":100},"functions":{"total":21,"covered":20,"skipped":0,"pct":95.24},"statements":{"total":42,"covered":42,"skipped":0,"pct":100},"branches":{"total":0,"covered":0,"skipped":0,"pct":100}}
,"/Users/shirlytian/Documents/AN/aui/src/index/Payment/actions/modals/NewECheck.js": {"lines":{"total":72,"covered":72,"skipped":0,"pct":100},"functions":{"total":33,"covered":33,"skipped":0,"pct":100},"statements":{"total":78,"covered":78,"skipped":0,"pct":100},"branches":{"total":12,"covered":11,"skipped":0,"pct":91.67}}
,"/Users/shirlytian/Documents/AN/aui/src/index/Payment/actions/modals/paymentSchedulesEdit.js": {"lines":{"total":6,"covered":6,"skipped":0,"pct":100},"functions":{"total":6,"covered":6,"skipped":0,"pct":100},"statements":{"total":8,"covered":8,"skipped":0,"pct":100},"branches":{"total":0,"covered":0,"skipped":0,"pct":100}}
,"/Users/shirlytian/Documents/AN/aui/src/index/Payment/actions/paymentOptions/account.js": {"lines":{"total":17,"covered":17,"skipped":0,"pct":100},"functions":{"total":9,"covered":9,"skipped":0,"pct":100},"statements":{"total":19,"covered":19,"skipped":0,"pct":100},"branches":{"total":1,"covered":1,"skipped":0,"pct":100}}
,"/Users/shirlytian/Documents/AN/aui/src/index/Payment/actions/paymentOptions/cash.js": {"lines":{"total":8,"covered":8,"skipped":0,"pct":100},"functions":{"total":4,"covered":4,"skipped":0,"pct":100},"statements":{"total":8,"covered":8,"skipped":0,"pct":100},"branches":{"total":0,"covered":0,"skipped":0,"pct":100}}
,"/Users/shirlytian/Documents/AN/aui/src/index/Payment/actions/paymentOptions/check.js": {"lines":{"total":6,"covered":6,"skipped":0,"pct":100},"functions":{"total":4,"covered":4,"skipped":0,"pct":100},"statements":{"total":7,"covered":7,"skipped":0,"pct":100},"branches":{"total":0,"covered":0,"skipped":0,"pct":100}}
,"/Users/shirlytian/Documents/AN/aui/src/index/Payment/actions/paymentOptions/credit.js": {"lines":{"total":13,"covered":13,"skipped":0,"pct":100},"functions":{"total":8,"covered":8,"skipped":0,"pct":100},"statements":{"total":16,"covered":16,"skipped":0,"pct":100},"branches":{"total":0,"covered":0,"skipped":0,"pct":100}}
,"/Users/shirlytian/Documents/AN/aui/src/index/Payment/actions/paymentOptions/creditCard.js": {"lines":{"total":69,"covered":69,"skipped":0,"pct":100},"functions":{"total":28,"covered":28,"skipped":0,"pct":100},"statements":{"total":76,"covered":76,"skipped":0,"pct":100},"branches":{"total":14,"covered":14,"skipped":0,"pct":100}}
,"/Users/shirlytian/Documents/AN/aui/src/index/Payment/actions/paymentOptions/debitCard.js": {"lines":{"total":2,"covered":2,"skipped":0,"pct":100},"functions":{"total":2,"covered":2,"skipped":0,"pct":100},"statements":{"total":3,"covered":3,"skipped":0,"pct":100},"branches":{"total":0,"covered":0,"skipped":0,"pct":100}}
,"/Users/shirlytian/Documents/AN/aui/src/index/Payment/actions/paymentOptions/electronicCheck.js": {"lines":{"total":50,"covered":50,"skipped":0,"pct":100},"functions":{"total":23,"covered":23,"skipped":0,"pct":100},"statements":{"total":55,"covered":55,"skipped":0,"pct":100},"branches":{"total":5,"covered":5,"skipped":0,"pct":100}}
,"/Users/shirlytian/Documents/AN/aui/src/index/Payment/actions/paymentOptions/giftCard.js": {"lines":{"total":168,"covered":168,"skipped":0,"pct":100},"functions":{"total":59,"covered":59,"skipped":0,"pct":100},"statements":{"total":175,"covered":175,"skipped":0,"pct":100},"branches":{"total":88,"covered":83,"skipped":0,"pct":94.32}}
,"/Users/shirlytian/Documents/AN/aui/src/index/Payment/actions/paymentOptions/options.js": {"lines":{"total":152,"covered":151,"skipped":0,"pct":99.34},"functions":{"total":58,"covered":57,"skipped":0,"pct":98.28},"statements":{"total":175,"covered":173,"skipped":0,"pct":98.86},"branches":{"total":33,"covered":32,"skipped":0,"pct":96.97}}
,"/Users/shirlytian/Documents/AN/aui/src/index/Payment/actions/paymentOptions/paymentPlan.js": {"lines":{"total":229,"covered":220,"skipped":0,"pct":96.07},"functions":{"total":74,"covered":67,"skipped":0,"pct":90.54},"statements":{"total":246,"covered":233,"skipped":0,"pct":94.72},"branches":{"total":69,"covered":63,"skipped":0,"pct":91.3}}
,"/Users/shirlytian/Documents/AN/aui/src/index/Payment/components/BasePayer/index.jsx": {"lines":{"total":10,"covered":10,"skipped":0,"pct":100},"functions":{"total":4,"covered":4,"skipped":0,"pct":100},"statements":{"total":10,"covered":10,"skipped":0,"pct":100},"branches":{"total":10,"covered":10,"skipped":0,"pct":100}}
,"/Users/shirlytian/Documents/AN/aui/src/index/Payment/components/Modals/ElectronicCheck/index.jsx": {"lines":{"total":31,"covered":31,"skipped":0,"pct":100},"functions":{"total":14,"covered":14,"skipped":0,"pct":100},"statements":{"total":31,"covered":31,"skipped":0,"pct":100},"branches":{"total":18,"covered":17,"skipped":0,"pct":94.44}}
,"/Users/shirlytian/Documents/AN/aui/src/index/Payment/components/Modals/GiftCard/index.jsx": {"lines":{"total":75,"covered":75,"skipped":0,"pct":100},"functions":{"total":19,"covered":19,"skipped":0,"pct":100},"statements":{"total":75,"covered":75,"skipped":0,"pct":100},"branches":{"total":55,"covered":53,"skipped":0,"pct":96.36}}
,"/Users/shirlytian/Documents/AN/aui/src/index/Payment/components/Modals/MagTek/index.jsx": {"lines":{"total":5,"covered":5,"skipped":0,"pct":100},"functions":{"total":3,"covered":3,"skipped":0,"pct":100},"statements":{"total":5,"covered":5,"skipped":0,"pct":100},"branches":{"total":6,"covered":6,"skipped":0,"pct":100}}
,"/Users/shirlytian/Documents/AN/aui/src/index/Payment/components/Modals/MagTek/MagtekDynamag/index.jsx": {"lines":{"total":65,"covered":61,"skipped":0,"pct":93.85},"functions":{"total":23,"covered":21,"skipped":0,"pct":91.3},"statements":{"total":65,"covered":61,"skipped":0,"pct":93.85},"branches":{"total":32,"covered":31,"skipped":0,"pct":96.88}}
,"/Users/shirlytian/Documents/AN/aui/src/index/Payment/components/Modals/MagTek/MagtekIPAD/index.jsx": {"lines":{"total":71,"covered":67,"skipped":0,"pct":94.37},"functions":{"total":29,"covered":27,"skipped":0,"pct":93.1},"statements":{"total":72,"covered":68,"skipped":0,"pct":94.44},"branches":{"total":31,"covered":29,"skipped":0,"pct":93.55}}
,"/Users/shirlytian/Documents/AN/aui/src/index/Payment/components/Modals/PinPad/actions/pinpad.js": {"lines":{"total":123,"covered":122,"skipped":0,"pct":99.19},"functions":{"total":57,"covered":54,"skipped":0,"pct":94.74},"statements":{"total":137,"covered":135,"skipped":0,"pct":98.54},"branches":{"total":26,"covered":25,"skipped":0,"pct":96.15}}
,"/Users/shirlytian/Documents/AN/aui/src/index/Payment/components/Modals/PinPad/actions/pinpadFail.js": {"lines":{"total":20,"covered":20,"skipped":0,"pct":100},"functions":{"total":13,"covered":13,"skipped":0,"pct":100},"statements":{"total":22,"covered":22,"skipped":0,"pct":100},"branches":{"total":8,"covered":8,"skipped":0,"pct":100}}
,"/Users/shirlytian/Documents/AN/aui/src/index/Payment/components/Modals/PinPad/actions/pinpadHelper.js": {"lines":{"total":3,"covered":3,"skipped":0,"pct":100},"functions":{"total":1,"covered":1,"skipped":0,"pct":100},"statements":{"total":3,"covered":3,"skipped":0,"pct":100},"branches":{"total":0,"covered":0,"skipped":0,"pct":100}}
,"/Users/shirlytian/Documents/AN/aui/src/index/Payment/components/Modals/PinPad/actions/pinpadModal.js": {"lines":{"total":7,"covered":7,"skipped":0,"pct":100},"functions":{"total":3,"covered":3,"skipped":0,"pct":100},"statements":{"total":7,"covered":7,"skipped":0,"pct":100},"branches":{"total":0,"covered":0,"skipped":0,"pct":100}}
,"/Users/shirlytian/Documents/AN/aui/src/index/Payment/components/Modals/PinPad/components/Pinpad/index.jsx": {"lines":{"total":0,"covered":0,"skipped":0,"pct":100},"functions":{"total":0,"covered":0,"skipped":0,"pct":100},"statements":{"total":0,"covered":0,"skipped":0,"pct":100},"branches":{"total":0,"covered":0,"skipped":0,"pct":100}}
,"/Users/shirlytian/Documents/AN/aui/src/index/Payment/components/Modals/PinPad/components/Pinpad/mutiplePays.jsx": {"lines":{"total":51,"covered":51,"skipped":0,"pct":100},"functions":{"total":7,"covered":7,"skipped":0,"pct":100},"statements":{"total":51,"covered":51,"skipped":0,"pct":100},"branches":{"total":22,"covered":22,"skipped":0,"pct":100}}
,"/Users/shirlytian/Documents/AN/aui/src/index/Payment/components/Modals/PinPad/components/Pinpad/payTitle.jsx": {"lines":{"total":2,"covered":2,"skipped":0,"pct":100},"functions":{"total":1,"covered":1,"skipped":0,"pct":100},"statements":{"total":2,"covered":2,"skipped":0,"pct":100},"branches":{"total":2,"covered":2,"skipped":0,"pct":100}}
,"/Users/shirlytian/Documents/AN/aui/src/index/Payment/components/Modals/PinPad/components/Pinpad/pinpad.jsx": {"lines":{"total":19,"covered":19,"skipped":0,"pct":100},"functions":{"total":6,"covered":6,"skipped":0,"pct":100},"statements":{"total":19,"covered":19,"skipped":0,"pct":100},"branches":{"total":17,"covered":17,"skipped":0,"pct":100}}
,"/Users/shirlytian/Documents/AN/aui/src/index/Payment/components/Modals/PinPad/components/Pinpad/singlePay.jsx": {"lines":{"total":2,"covered":2,"skipped":0,"pct":100},"functions":{"total":1,"covered":1,"skipped":0,"pct":100},"statements":{"total":2,"covered":2,"skipped":0,"pct":100},"branches":{"total":0,"covered":0,"skipped":0,"pct":100}}
,"/Users/shirlytian/Documents/AN/aui/src/index/Payment/components/Modals/PinPad/components/PinpadModal/index.jsx": {"lines":{"total":88,"covered":87,"skipped":0,"pct":98.86},"functions":{"total":11,"covered":10,"skipped":0,"pct":90.91},"statements":{"total":88,"covered":87,"skipped":0,"pct":98.86},"branches":{"total":27,"covered":26,"skipped":0,"pct":96.3}}
,"/Users/shirlytian/Documents/AN/aui/src/index/Payment/components/Modals/PinPad/components/PinpadTransactionFail/index.jsx": {"lines":{"total":45,"covered":45,"skipped":0,"pct":100},"functions":{"total":8,"covered":8,"skipped":0,"pct":100},"statements":{"total":45,"covered":45,"skipped":0,"pct":100},"branches":{"total":27,"covered":26,"skipped":0,"pct":96.3}}
,"/Users/shirlytian/Documents/AN/aui/src/index/Payment/components/Modals/PinPad/consts/index.js": {"lines":{"total":0,"covered":0,"skipped":0,"pct":100},"functions":{"total":0,"covered":0,"skipped":0,"pct":100},"statements":{"total":0,"covered":0,"skipped":0,"pct":100},"branches":{"total":0,"covered":0,"skipped":0,"pct":100}}
,"/Users/shirlytian/Documents/AN/aui/src/index/Payment/components/Modals/PinPad/consts/titles.js": {"lines":{"total":4,"covered":4,"skipped":0,"pct":100},"functions":{"total":0,"covered":0,"skipped":0,"pct":100},"statements":{"total":4,"covered":4,"skipped":0,"pct":100},"branches":{"total":0,"covered":0,"skipped":0,"pct":100}}
,"/Users/shirlytian/Documents/AN/aui/src/index/Payment/components/Modals/PinPad/reducers/pinpad.js": {"lines":{"total":45,"covered":45,"skipped":0,"pct":100},"functions":{"total":6,"covered":6,"skipped":0,"pct":100},"statements":{"total":45,"covered":45,"skipped":0,"pct":100},"branches":{"total":5,"covered":5,"skipped":0,"pct":100}}
,"/Users/shirlytian/Documents/AN/aui/src/index/Payment/components/Modals/PinPad/reducers/pinpadFail.js": {"lines":{"total":3,"covered":3,"skipped":0,"pct":100},"functions":{"total":0,"covered":0,"skipped":0,"pct":100},"statements":{"total":3,"covered":3,"skipped":0,"pct":100},"branches":{"total":0,"covered":0,"skipped":0,"pct":100}}
,"/Users/shirlytian/Documents/AN/aui/src/index/Payment/components/Modals/PinPad/reducers/pinpadModal.js": {"lines":{"total":6,"covered":6,"skipped":0,"pct":100},"functions":{"total":0,"covered":0,"skipped":0,"pct":100},"statements":{"total":6,"covered":6,"skipped":0,"pct":100},"branches":{"total":0,"covered":0,"skipped":0,"pct":100}}
,"/Users/shirlytian/Documents/AN/aui/src/index/Payment/components/Payer/index.jsx": {"lines":{"total":140,"covered":130,"skipped":0,"pct":92.86},"functions":{"total":39,"covered":36,"skipped":0,"pct":92.31},"statements":{"total":145,"covered":135,"skipped":0,"pct":93.1},"branches":{"total":121,"covered":114,"skipped":0,"pct":94.21}}
,"/Users/shirlytian/Documents/AN/aui/src/index/Payment/components/PaymentAction/index.jsx": {"lines":{"total":7,"covered":7,"skipped":0,"pct":100},"functions":{"total":4,"covered":4,"skipped":0,"pct":100},"statements":{"total":7,"covered":7,"skipped":0,"pct":100},"branches":{"total":2,"covered":2,"skipped":0,"pct":100}}
,"/Users/shirlytian/Documents/AN/aui/src/index/Payment/components/PaymentFooter/index.jsx": {"lines":{"total":91,"covered":91,"skipped":0,"pct":100},"functions":{"total":23,"covered":23,"skipped":0,"pct":100},"statements":{"total":93,"covered":93,"skipped":0,"pct":100},"branches":{"total":61,"covered":61,"skipped":0,"pct":100}}
,"/Users/shirlytian/Documents/AN/aui/src/index/Payment/components/PaymentOptions/index.jsx": {"lines":{"total":204,"covered":204,"skipped":0,"pct":100},"functions":{"total":50,"covered":50,"skipped":0,"pct":100},"statements":{"total":208,"covered":208,"skipped":0,"pct":100},"branches":{"total":123,"covered":123,"skipped":0,"pct":100}}
,"/Users/shirlytian/Documents/AN/aui/src/index/Payment/components/PaymentOptions/Account/index.jsx": {"lines":{"total":39,"covered":39,"skipped":0,"pct":100},"functions":{"total":13,"covered":13,"skipped":0,"pct":100},"statements":{"total":39,"covered":39,"skipped":0,"pct":100},"branches":{"total":27,"covered":27,"skipped":0,"pct":100}}
,"/Users/shirlytian/Documents/AN/aui/src/index/Payment/components/PaymentOptions/Cash/calculate.js": {"lines":{"total":5,"covered":5,"skipped":0,"pct":100},"functions":{"total":1,"covered":1,"skipped":0,"pct":100},"statements":{"total":5,"covered":5,"skipped":0,"pct":100},"branches":{"total":2,"covered":2,"skipped":0,"pct":100}}
,"/Users/shirlytian/Documents/AN/aui/src/index/Payment/components/PaymentOptions/Cash/index.jsx": {"lines":{"total":77,"covered":76,"skipped":0,"pct":98.7},"functions":{"total":20,"covered":19,"skipped":0,"pct":95},"statements":{"total":78,"covered":77,"skipped":0,"pct":98.72},"branches":{"total":43,"covered":42,"skipped":0,"pct":97.67}}
,"/Users/shirlytian/Documents/AN/aui/src/index/Payment/components/PaymentOptions/Check/index.jsx": {"lines":{"total":45,"covered":45,"skipped":0,"pct":100},"functions":{"total":17,"covered":17,"skipped":0,"pct":100},"statements":{"total":46,"covered":46,"skipped":0,"pct":100},"branches":{"total":22,"covered":22,"skipped":0,"pct":100}}
,"/Users/shirlytian/Documents/AN/aui/src/index/Payment/components/PaymentOptions/Credit/index.jsx": {"lines":{"total":96,"covered":91,"skipped":0,"pct":94.79},"functions":{"total":20,"covered":19,"skipped":0,"pct":95},"statements":{"total":98,"covered":93,"skipped":0,"pct":94.9},"branches":{"total":44,"covered":42,"skipped":0,"pct":95.45}}
,"/Users/shirlytian/Documents/AN/aui/src/index/Payment/components/PaymentOptions/CreditCard/index.jsx": {"lines":{"total":85,"covered":83,"skipped":0,"pct":97.65},"functions":{"total":16,"covered":16,"skipped":0,"pct":100},"statements":{"total":85,"covered":83,"skipped":0,"pct":97.65},"branches":{"total":75,"covered":73,"skipped":0,"pct":97.33}}
,"/Users/shirlytian/Documents/AN/aui/src/index/Payment/components/PaymentOptions/DebitCard/index.jsx": {"lines":{"total":38,"covered":38,"skipped":0,"pct":100},"functions":{"total":14,"covered":14,"skipped":0,"pct":100},"statements":{"total":39,"covered":39,"skipped":0,"pct":100},"branches":{"total":19,"covered":19,"skipped":0,"pct":100}}
,"/Users/shirlytian/Documents/AN/aui/src/index/Payment/components/PaymentOptions/ElectronicCheck/AuthorizationDetails.jsx": {"lines":{"total":8,"covered":8,"skipped":0,"pct":100},"functions":{"total":6,"covered":6,"skipped":0,"pct":100},"statements":{"total":8,"covered":8,"skipped":0,"pct":100},"branches":{"total":0,"covered":0,"skipped":0,"pct":100}}
,"/Users/shirlytian/Documents/AN/aui/src/index/Payment/components/PaymentOptions/ElectronicCheck/index.jsx": {"lines":{"total":35,"covered":35,"skipped":0,"pct":100},"functions":{"total":11,"covered":11,"skipped":0,"pct":100},"statements":{"total":35,"covered":35,"skipped":0,"pct":100},"branches":{"total":20,"covered":20,"skipped":0,"pct":100}}
,"/Users/shirlytian/Documents/AN/aui/src/index/Payment/components/PaymentOptions/GiftCard/index.jsx": {"lines":{"total":187,"covered":183,"skipped":0,"pct":97.86},"functions":{"total":40,"covered":39,"skipped":0,"pct":97.5},"statements":{"total":190,"covered":186,"skipped":0,"pct":97.89},"branches":{"total":113,"covered":109,"skipped":0,"pct":96.46}}
,"/Users/shirlytian/Documents/AN/aui/src/index/Payment/components/PaymentOptions/PaymentPlan/index.jsx": {"lines":{"total":56,"covered":55,"skipped":0,"pct":98.21},"functions":{"total":24,"covered":24,"skipped":0,"pct":100},"statements":{"total":56,"covered":55,"skipped":0,"pct":98.21},"branches":{"total":77,"covered":76,"skipped":0,"pct":98.7}}
,"/Users/shirlytian/Documents/AN/aui/src/index/Payment/components/PaymentOptions/PaymentPlan/PaymentSchedulesEdit/index.jsx": {"lines":{"total":55,"covered":54,"skipped":0,"pct":98.18},"functions":{"total":23,"covered":22,"skipped":0,"pct":95.65},"statements":{"total":56,"covered":54,"skipped":0,"pct":96.43},"branches":{"total":29,"covered":28,"skipped":0,"pct":96.55}}
,"/Users/shirlytian/Documents/AN/aui/src/index/Payment/components/PaymentOptions/utils/checkError.js": {"lines":{"total":6,"covered":6,"skipped":0,"pct":100},"functions":{"total":1,"covered":1,"skipped":0,"pct":100},"statements":{"total":6,"covered":6,"skipped":0,"pct":100},"branches":{"total":3,"covered":3,"skipped":0,"pct":100}}
,"/Users/shirlytian/Documents/AN/aui/src/index/Payment/components/PaymentOptions/utils/payment.js": {"lines":{"total":27,"covered":27,"skipped":0,"pct":100},"functions":{"total":7,"covered":7,"skipped":0,"pct":100},"statements":{"total":27,"covered":27,"skipped":0,"pct":100},"branches":{"total":9,"covered":9,"skipped":0,"pct":100}}
,"/Users/shirlytian/Documents/AN/aui/src/index/Payment/components/PaymentSummary/index.jsx": {"lines":{"total":37,"covered":37,"skipped":0,"pct":100},"functions":{"total":12,"covered":12,"skipped":0,"pct":100},"statements":{"total":37,"covered":37,"skipped":0,"pct":100},"branches":{"total":37,"covered":37,"skipped":0,"pct":100}}
,"/Users/shirlytian/Documents/AN/aui/src/index/Payment/components/RefundPayer/index.jsx": {"lines":{"total":36,"covered":36,"skipped":0,"pct":100},"functions":{"total":12,"covered":12,"skipped":0,"pct":100},"statements":{"total":37,"covered":37,"skipped":0,"pct":100},"branches":{"total":13,"covered":13,"skipped":0,"pct":100}}
,"/Users/shirlytian/Documents/AN/aui/src/index/Payment/consts/actionTypes.js": {"lines":{"total":8,"covered":8,"skipped":0,"pct":100},"functions":{"total":0,"covered":0,"skipped":0,"pct":100},"statements":{"total":8,"covered":8,"skipped":0,"pct":100},"branches":{"total":0,"covered":0,"skipped":0,"pct":100}}
,"/Users/shirlytian/Documents/AN/aui/src/index/Payment/consts/cardTypes.js": {"lines":{"total":0,"covered":0,"skipped":0,"pct":100},"functions":{"total":0,"covered":0,"skipped":0,"pct":100},"statements":{"total":0,"covered":0,"skipped":0,"pct":100},"branches":{"total":0,"covered":0,"skipped":0,"pct":100}}
,"/Users/shirlytian/Documents/AN/aui/src/index/Payment/consts/ccTypes.js": {"lines":{"total":0,"covered":0,"skipped":0,"pct":100},"functions":{"total":0,"covered":0,"skipped":0,"pct":100},"statements":{"total":0,"covered":0,"skipped":0,"pct":100},"branches":{"total":0,"covered":0,"skipped":0,"pct":100}}
,"/Users/shirlytian/Documents/AN/aui/src/index/Payment/consts/fieldProps.js": {"lines":{"total":3,"covered":3,"skipped":0,"pct":100},"functions":{"total":0,"covered":0,"skipped":0,"pct":100},"statements":{"total":3,"covered":3,"skipped":0,"pct":100},"branches":{"total":0,"covered":0,"skipped":0,"pct":100}}
,"/Users/shirlytian/Documents/AN/aui/src/index/Payment/consts/frequencyTypes.js": {"lines":{"total":0,"covered":0,"skipped":0,"pct":100},"functions":{"total":0,"covered":0,"skipped":0,"pct":100},"statements":{"total":0,"covered":0,"skipped":0,"pct":100},"branches":{"total":0,"covered":0,"skipped":0,"pct":100}}
,"/Users/shirlytian/Documents/AN/aui/src/index/Payment/consts/index.js": {"lines":{"total":0,"covered":0,"skipped":0,"pct":100},"functions":{"total":0,"covered":0,"skipped":0,"pct":100},"statements":{"total":0,"covered":0,"skipped":0,"pct":100},"branches":{"total":0,"covered":0,"skipped":0,"pct":100}}
,"/Users/shirlytian/Documents/AN/aui/src/index/Payment/consts/newOptions.js": {"lines":{"total":1,"covered":1,"skipped":0,"pct":100},"functions":{"total":0,"covered":0,"skipped":0,"pct":100},"statements":{"total":1,"covered":1,"skipped":0,"pct":100},"branches":{"total":0,"covered":0,"skipped":0,"pct":100}}
,"/Users/shirlytian/Documents/AN/aui/src/index/Payment/consts/payerConfig.js": {"lines":{"total":6,"covered":6,"skipped":0,"pct":100},"functions":{"total":0,"covered":0,"skipped":0,"pct":100},"statements":{"total":6,"covered":6,"skipped":0,"pct":100},"branches":{"total":0,"covered":0,"skipped":0,"pct":100}}
,"/Users/shirlytian/Documents/AN/aui/src/index/Payment/consts/paymentActionTypesOnModification.js": {"lines":{"total":2,"covered":2,"skipped":0,"pct":100},"functions":{"total":0,"covered":0,"skipped":0,"pct":100},"statements":{"total":2,"covered":2,"skipped":0,"pct":100},"branches":{"total":0,"covered":0,"skipped":0,"pct":100}}
,"/Users/shirlytian/Documents/AN/aui/src/index/Payment/consts/paymentPlanPaymentTypes.js": {"lines":{"total":2,"covered":2,"skipped":0,"pct":100},"functions":{"total":0,"covered":0,"skipped":0,"pct":100},"statements":{"total":2,"covered":2,"skipped":0,"pct":100},"branches":{"total":0,"covered":0,"skipped":0,"pct":100}}
,"/Users/shirlytian/Documents/AN/aui/src/index/Payment/consts/paymentTypeNames.js": {"lines":{"total":0,"covered":0,"skipped":0,"pct":100},"functions":{"total":0,"covered":0,"skipped":0,"pct":100},"statements":{"total":0,"covered":0,"skipped":0,"pct":100},"branches":{"total":0,"covered":0,"skipped":0,"pct":100}}
,"/Users/shirlytian/Documents/AN/aui/src/index/Payment/consts/paymentTypes.js": {"lines":{"total":14,"covered":14,"skipped":0,"pct":100},"functions":{"total":0,"covered":0,"skipped":0,"pct":100},"statements":{"total":14,"covered":14,"skipped":0,"pct":100},"branches":{"total":0,"covered":0,"skipped":0,"pct":100}}
,"/Users/shirlytian/Documents/AN/aui/src/index/Payment/reducers/index.js": {"lines":{"total":23,"covered":23,"skipped":0,"pct":100},"functions":{"total":4,"covered":4,"skipped":0,"pct":100},"statements":{"total":24,"covered":24,"skipped":0,"pct":100},"branches":{"total":8,"covered":6,"skipped":0,"pct":75}}
,"/Users/shirlytian/Documents/AN/aui/src/index/Payment/reducers/paymentAction.js": {"lines":{"total":13,"covered":13,"skipped":0,"pct":100},"functions":{"total":4,"covered":4,"skipped":0,"pct":100},"statements":{"total":14,"covered":14,"skipped":0,"pct":100},"branches":{"total":10,"covered":8,"skipped":0,"pct":80}}
,"/Users/shirlytian/Documents/AN/aui/src/index/Payment/reducers/paymentSummary.js": {"lines":{"total":4,"covered":4,"skipped":0,"pct":100},"functions":{"total":2,"covered":2,"skipped":0,"pct":100},"statements":{"total":4,"covered":4,"skipped":0,"pct":100},"branches":{"total":0,"covered":0,"skipped":0,"pct":100}}
,"/Users/shirlytian/Documents/AN/aui/src/index/Payment/reducers/modals/Magtek.js": {"lines":{"total":9,"covered":9,"skipped":0,"pct":100},"functions":{"total":1,"covered":1,"skipped":0,"pct":100},"statements":{"total":9,"covered":9,"skipped":0,"pct":100},"branches":{"total":0,"covered":0,"skipped":0,"pct":100}}
,"/Users/shirlytian/Documents/AN/aui/src/index/Payment/reducers/modals/newCreditCard.js": {"lines":{"total":22,"covered":22,"skipped":0,"pct":100},"functions":{"total":4,"covered":4,"skipped":0,"pct":100},"statements":{"total":22,"covered":22,"skipped":0,"pct":100},"branches":{"total":4,"covered":4,"skipped":0,"pct":100}}
,"/Users/shirlytian/Documents/AN/aui/src/index/Payment/reducers/modals/newECheck.js": {"lines":{"total":10,"covered":10,"skipped":0,"pct":100},"functions":{"total":2,"covered":2,"skipped":0,"pct":100},"statements":{"total":10,"covered":10,"skipped":0,"pct":100},"branches":{"total":0,"covered":0,"skipped":0,"pct":100}}
,"/Users/shirlytian/Documents/AN/aui/src/index/Payment/reducers/payer/index.js": {"lines":{"total":55,"covered":54,"skipped":0,"pct":98.18},"functions":{"total":13,"covered":13,"skipped":0,"pct":100},"statements":{"total":60,"covered":59,"skipped":0,"pct":98.33},"branches":{"total":12,"covered":12,"skipped":0,"pct":100}}
,"/Users/shirlytian/Documents/AN/aui/src/index/Payment/reducers/paymentOptions/account.js": {"lines":{"total":20,"covered":20,"skipped":0,"pct":100},"functions":{"total":3,"covered":3,"skipped":0,"pct":100},"statements":{"total":21,"covered":21,"skipped":0,"pct":100},"branches":{"total":5,"covered":5,"skipped":0,"pct":100}}
,"/Users/shirlytian/Documents/AN/aui/src/index/Payment/reducers/paymentOptions/credit.js": {"lines":{"total":6,"covered":6,"skipped":0,"pct":100},"functions":{"total":1,"covered":1,"skipped":0,"pct":100},"statements":{"total":6,"covered":6,"skipped":0,"pct":100},"branches":{"total":0,"covered":0,"skipped":0,"pct":100}}
,"/Users/shirlytian/Documents/AN/aui/src/index/Payment/reducers/paymentOptions/creditCard.js": {"lines":{"total":47,"covered":45,"skipped":0,"pct":95.74},"functions":{"total":11,"covered":11,"skipped":0,"pct":100},"statements":{"total":50,"covered":48,"skipped":0,"pct":96},"branches":{"total":18,"covered":15,"skipped":0,"pct":83.33}}
,"/Users/shirlytian/Documents/AN/aui/src/index/Payment/reducers/paymentOptions/electronicCheck.js": {"lines":{"total":15,"covered":15,"skipped":0,"pct":100},"functions":{"total":4,"covered":4,"skipped":0,"pct":100},"statements":{"total":15,"covered":15,"skipped":0,"pct":100},"branches":{"total":0,"covered":0,"skipped":0,"pct":100}}
,"/Users/shirlytian/Documents/AN/aui/src/index/Payment/reducers/paymentOptions/giftCard.js": {"lines":{"total":124,"covered":124,"skipped":0,"pct":100},"functions":{"total":32,"covered":32,"skipped":0,"pct":100},"statements":{"total":129,"covered":129,"skipped":0,"pct":100},"branches":{"total":37,"covered":35,"skipped":0,"pct":94.59}}
,"/Users/shirlytian/Documents/AN/aui/src/index/Payment/reducers/paymentOptions/index.js": {"lines":{"total":1,"covered":1,"skipped":0,"pct":100},"functions":{"total":1,"covered":1,"skipped":0,"pct":100},"statements":{"total":1,"covered":1,"skipped":0,"pct":100},"branches":{"total":0,"covered":0,"skipped":0,"pct":100}}
,"/Users/shirlytian/Documents/AN/aui/src/index/Payment/reducers/paymentOptions/options.js": {"lines":{"total":9,"covered":9,"skipped":0,"pct":100},"functions":{"total":0,"covered":0,"skipped":0,"pct":100},"statements":{"total":9,"covered":9,"skipped":0,"pct":100},"branches":{"total":4,"covered":4,"skipped":0,"pct":100}}
,"/Users/shirlytian/Documents/AN/aui/src/index/Payment/reducers/paymentOptions/paymentPlan.js": {"lines":{"total":35,"covered":35,"skipped":0,"pct":100},"functions":{"total":11,"covered":11,"skipped":0,"pct":100},"statements":{"total":39,"covered":39,"skipped":0,"pct":100},"branches":{"total":12,"covered":11,"skipped":0,"pct":91.67}}
,"/Users/shirlytian/Documents/AN/aui/src/index/Payment/utils/creditCardHelper.js": {"lines":{"total":32,"covered":32,"skipped":0,"pct":100},"functions":{"total":10,"covered":10,"skipped":0,"pct":100},"statements":{"total":34,"covered":34,"skipped":0,"pct":100},"branches":{"total":14,"covered":14,"skipped":0,"pct":100}}
,"/Users/shirlytian/Documents/AN/aui/src/index/Payment/utils/eCheckHelper.js": {"lines":{"total":20,"covered":20,"skipped":0,"pct":100},"functions":{"total":5,"covered":5,"skipped":0,"pct":100},"statements":{"total":21,"covered":21,"skipped":0,"pct":100},"branches":{"total":12,"covered":12,"skipped":0,"pct":100}}
,"/Users/shirlytian/Documents/AN/aui/src/index/Payment/utils/formatCurrency.js": {"lines":{"total":17,"covered":17,"skipped":0,"pct":100},"functions":{"total":1,"covered":1,"skipped":0,"pct":100},"statements":{"total":17,"covered":17,"skipped":0,"pct":100},"branches":{"total":8,"covered":8,"skipped":0,"pct":100}}
,"/Users/shirlytian/Documents/AN/aui/src/index/Payment/utils/getOptionName.js": {"lines":{"total":5,"covered":5,"skipped":0,"pct":100},"functions":{"total":2,"covered":2,"skipped":0,"pct":100},"statements":{"total":5,"covered":5,"skipped":0,"pct":100},"branches":{"total":2,"covered":2,"skipped":0,"pct":100}}
,"/Users/shirlytian/Documents/AN/aui/src/index/Payment/utils/getPayerParams.js": {"lines":{"total":14,"covered":14,"skipped":0,"pct":100},"functions":{"total":2,"covered":2,"skipped":0,"pct":100},"statements":{"total":15,"covered":15,"skipped":0,"pct":100},"branches":{"total":6,"covered":6,"skipped":0,"pct":100}}
,"/Users/shirlytian/Documents/AN/aui/src/index/Payment/utils/getSessionIDs.js": {"lines":{"total":3,"covered":3,"skipped":0,"pct":100},"functions":{"total":1,"covered":1,"skipped":0,"pct":100},"statements":{"total":3,"covered":3,"skipped":0,"pct":100},"branches":{"total":0,"covered":0,"skipped":0,"pct":100}}
,"/Users/shirlytian/Documents/AN/aui/src/index/Payment/utils/paymentScheduleGeneration.js": {"lines":{"total":45,"covered":45,"skipped":0,"pct":100},"functions":{"total":5,"covered":5,"skipped":0,"pct":100},"statements":{"total":50,"covered":50,"skipped":0,"pct":100},"branches":{"total":27,"covered":26,"skipped":0,"pct":96.3}}
,"/Users/shirlytian/Documents/AN/aui/src/index/Payment/utils/splitOptions.js": {"lines":{"total":92,"covered":92,"skipped":0,"pct":100},"functions":{"total":18,"covered":18,"skipped":0,"pct":100},"statements":{"total":94,"covered":94,"skipped":0,"pct":100},"branches":{"total":43,"covered":43,"skipped":0,"pct":100}}
,"/Users/shirlytian/Documents/AN/aui/src/index/PermitContract/index.jsx": {"lines":{"total":26,"covered":26,"skipped":0,"pct":100},"functions":{"total":5,"covered":5,"skipped":0,"pct":100},"statements":{"total":26,"covered":26,"skipped":0,"pct":100},"branches":{"total":32,"covered":32,"skipped":0,"pct":100}}
,"/Users/shirlytian/Documents/AN/aui/src/index/PermitContract/actions/index.js": {"lines":{"total":24,"covered":24,"skipped":0,"pct":100},"functions":{"total":16,"covered":16,"skipped":0,"pct":100},"statements":{"total":28,"covered":28,"skipped":0,"pct":100},"branches":{"total":0,"covered":0,"skipped":0,"pct":100}}
,"/Users/shirlytian/Documents/AN/aui/src/index/PermitContract/components/ActionBar/EmailPopup.jsx": {"lines":{"total":21,"covered":21,"skipped":0,"pct":100},"functions":{"total":11,"covered":11,"skipped":0,"pct":100},"statements":{"total":21,"covered":21,"skipped":0,"pct":100},"branches":{"total":11,"covered":11,"skipped":0,"pct":100}}
,"/Users/shirlytian/Documents/AN/aui/src/index/PermitContract/components/ActionBar/OptionPopup.jsx": {"lines":{"total":20,"covered":20,"skipped":0,"pct":100},"functions":{"total":13,"covered":13,"skipped":0,"pct":100},"statements":{"total":21,"covered":21,"skipped":0,"pct":100},"branches":{"total":10,"covered":10,"skipped":0,"pct":100}}
,"/Users/shirlytian/Documents/AN/aui/src/index/PermitContract/components/ActionBar/PdfOptionPopup.jsx": {"lines":{"total":15,"covered":15,"skipped":0,"pct":100},"functions":{"total":3,"covered":3,"skipped":0,"pct":100},"statements":{"total":15,"covered":15,"skipped":0,"pct":100},"branches":{"total":2,"covered":2,"skipped":0,"pct":100}}
,"/Users/shirlytian/Documents/AN/aui/src/index/PermitContract/components/ActionBar/PrintOptionPopup.jsx": {"lines":{"total":10,"covered":10,"skipped":0,"pct":100},"functions":{"total":1,"covered":1,"skipped":0,"pct":100},"statements":{"total":10,"covered":10,"skipped":0,"pct":100},"branches":{"total":6,"covered":6,"skipped":0,"pct":100}}
,"/Users/shirlytian/Documents/AN/aui/src/index/PermitContract/components/ActionBar/index.jsx": {"lines":{"total":8,"covered":8,"skipped":0,"pct":100},"functions":{"total":7,"covered":7,"skipped":0,"pct":100},"statements":{"total":8,"covered":8,"skipped":0,"pct":100},"branches":{"total":2,"covered":2,"skipped":0,"pct":100}}
,"/Users/shirlytian/Documents/AN/aui/src/index/PermitContract/components/Amendment/AmendmentEventAction.jsx": {"lines":{"total":7,"covered":7,"skipped":0,"pct":100},"functions":{"total":4,"covered":4,"skipped":0,"pct":100},"statements":{"total":8,"covered":8,"skipped":0,"pct":100},"branches":{"total":6,"covered":6,"skipped":0,"pct":100}}
,"/Users/shirlytian/Documents/AN/aui/src/index/PermitContract/components/Amendment/AmendmentEventActionDetail.jsx": {"lines":{"total":80,"covered":80,"skipped":0,"pct":100},"functions":{"total":18,"covered":18,"skipped":0,"pct":100},"statements":{"total":80,"covered":80,"skipped":0,"pct":100},"branches":{"total":67,"covered":67,"skipped":0,"pct":100}}
,"/Users/shirlytian/Documents/AN/aui/src/index/PermitContract/components/Amendment/AmendmentInfo.jsx": {"lines":{"total":8,"covered":8,"skipped":0,"pct":100},"functions":{"total":2,"covered":2,"skipped":0,"pct":100},"statements":{"total":9,"covered":9,"skipped":0,"pct":100},"branches":{"total":7,"covered":6,"skipped":0,"pct":85.71}}
,"/Users/shirlytian/Documents/AN/aui/src/index/PermitContract/components/Amendment/AmendmentStatus.jsx": {"lines":{"total":7,"covered":7,"skipped":0,"pct":100},"functions":{"total":1,"covered":1,"skipped":0,"pct":100},"statements":{"total":7,"covered":7,"skipped":0,"pct":100},"branches":{"total":2,"covered":2,"skipped":0,"pct":100}}
,"/Users/shirlytian/Documents/AN/aui/src/index/PermitContract/components/Amendment/index.jsx": {"lines":{"total":8,"covered":8,"skipped":0,"pct":100},"functions":{"total":5,"covered":5,"skipped":0,"pct":100},"statements":{"total":9,"covered":9,"skipped":0,"pct":100},"branches":{"total":1,"covered":1,"skipped":0,"pct":100}}
,"/Users/shirlytian/Documents/AN/aui/src/index/PermitContract/components/Attachment/index.jsx": {"lines":{"total":11,"covered":9,"skipped":0,"pct":81.82},"functions":{"total":7,"covered":5,"skipped":0,"pct":71.43},"statements":{"total":11,"covered":9,"skipped":0,"pct":81.82},"branches":{"total":0,"covered":0,"skipped":0,"pct":100}}
,"/Users/shirlytian/Documents/AN/aui/src/index/PermitContract/components/BookingSummary/ResourceBookingSummary.jsx": {"lines":{"total":85,"covered":84,"skipped":0,"pct":98.82},"functions":{"total":22,"covered":22,"skipped":0,"pct":100},"statements":{"total":89,"covered":88,"skipped":0,"pct":98.88},"branches":{"total":65,"covered":62,"skipped":0,"pct":95.38}}
,"/Users/shirlytian/Documents/AN/aui/src/index/PermitContract/components/BookingSummary/index.jsx": {"lines":{"total":3,"covered":3,"skipped":0,"pct":100},"functions":{"total":2,"covered":2,"skipped":0,"pct":100},"statements":{"total":3,"covered":3,"skipped":0,"pct":100},"branches":{"total":0,"covered":0,"skipped":0,"pct":100}}
,"/Users/shirlytian/Documents/AN/aui/src/index/PermitContract/components/CustomerQuestionAnswer/index.jsx": {"lines":{"total":22,"covered":15,"skipped":0,"pct":68.18},"functions":{"total":11,"covered":10,"skipped":0,"pct":90.91},"statements":{"total":24,"covered":17,"skipped":0,"pct":70.83},"branches":{"total":16,"covered":4,"skipped":0,"pct":25}}
,"/Users/shirlytian/Documents/AN/aui/src/index/PermitContract/components/Deposit/index.jsx": {"lines":{"total":6,"covered":6,"skipped":0,"pct":100},"functions":{"total":6,"covered":6,"skipped":0,"pct":100},"statements":{"total":7,"covered":7,"skipped":0,"pct":100},"branches":{"total":4,"covered":4,"skipped":0,"pct":100}}
,"/Users/shirlytian/Documents/AN/aui/src/index/PermitContract/components/EventInfo/index.jsx": {"lines":{"total":4,"covered":4,"skipped":0,"pct":100},"functions":{"total":2,"covered":2,"skipped":0,"pct":100},"statements":{"total":4,"covered":4,"skipped":0,"pct":100},"branches":{"total":15,"covered":15,"skipped":0,"pct":100}}
,"/Users/shirlytian/Documents/AN/aui/src/index/PermitContract/components/GeneralPermitInfo/index.jsx": {"lines":{"total":35,"covered":35,"skipped":0,"pct":100},"functions":{"total":6,"covered":6,"skipped":0,"pct":100},"statements":{"total":35,"covered":35,"skipped":0,"pct":100},"branches":{"total":20,"covered":20,"skipped":0,"pct":100}}
,"/Users/shirlytian/Documents/AN/aui/src/index/PermitContract/components/HeaderAndFooter/index.jsx": {"lines":{"total":2,"covered":2,"skipped":0,"pct":100},"functions":{"total":1,"covered":1,"skipped":0,"pct":100},"statements":{"total":2,"covered":2,"skipped":0,"pct":100},"branches":{"total":4,"covered":4,"skipped":0,"pct":100}}
,"/Users/shirlytian/Documents/AN/aui/src/index/PermitContract/components/HolderInfo/index.jsx": {"lines":{"total":35,"covered":35,"skipped":0,"pct":100},"functions":{"total":5,"covered":5,"skipped":0,"pct":100},"statements":{"total":35,"covered":35,"skipped":0,"pct":100},"branches":{"total":31,"covered":31,"skipped":0,"pct":100}}
,"/Users/shirlytian/Documents/AN/aui/src/index/PermitContract/components/PaymentRefund/index.jsx": {"lines":{"total":7,"covered":7,"skipped":0,"pct":100},"functions":{"total":7,"covered":7,"skipped":0,"pct":100},"statements":{"total":9,"covered":9,"skipped":0,"pct":100},"branches":{"total":6,"covered":6,"skipped":0,"pct":100}}
,"/Users/shirlytian/Documents/AN/aui/src/index/PermitContract/components/PaymentSchedules/index.jsx": {"lines":{"total":8,"covered":8,"skipped":0,"pct":100},"functions":{"total":6,"covered":6,"skipped":0,"pct":100},"statements":{"total":9,"covered":9,"skipped":0,"pct":100},"branches":{"total":0,"covered":0,"skipped":0,"pct":100}}
,"/Users/shirlytian/Documents/AN/aui/src/index/PermitContract/components/RentalChargesSummary/index.jsx": {"lines":{"total":5,"covered":5,"skipped":0,"pct":100},"functions":{"total":2,"covered":2,"skipped":0,"pct":100},"statements":{"total":5,"covered":5,"skipped":0,"pct":100},"branches":{"total":2,"covered":2,"skipped":0,"pct":100}}
,"/Users/shirlytian/Documents/AN/aui/src/index/PermitContract/components/Schedule/index.jsx": {"lines":{"total":55,"covered":55,"skipped":0,"pct":100},"functions":{"total":16,"covered":16,"skipped":0,"pct":100},"statements":{"total":57,"covered":57,"skipped":0,"pct":100},"branches":{"total":24,"covered":24,"skipped":0,"pct":100}}
,"/Users/shirlytian/Documents/AN/aui/src/index/PermitContract/components/SignatureLine/index.jsx": {"lines":{"total":15,"covered":15,"skipped":0,"pct":100},"functions":{"total":9,"covered":9,"skipped":0,"pct":100},"statements":{"total":16,"covered":16,"skipped":0,"pct":100},"branches":{"total":25,"covered":25,"skipped":0,"pct":100}}
,"/Users/shirlytian/Documents/AN/aui/src/index/PermitContract/components/WaiverInformation/Information.jsx": {"lines":{"total":4,"covered":4,"skipped":0,"pct":100},"functions":{"total":4,"covered":4,"skipped":0,"pct":100},"statements":{"total":5,"covered":5,"skipped":0,"pct":100},"branches":{"total":0,"covered":0,"skipped":0,"pct":100}}
,"/Users/shirlytian/Documents/AN/aui/src/index/PermitContract/components/WaiverInformation/Waiver.jsx": {"lines":{"total":22,"covered":22,"skipped":0,"pct":100},"functions":{"total":10,"covered":10,"skipped":0,"pct":100},"statements":{"total":23,"covered":23,"skipped":0,"pct":100},"branches":{"total":16,"covered":15,"skipped":0,"pct":93.75}}
,"/Users/shirlytian/Documents/AN/aui/src/index/PermitContract/components/WaiverInformation/index.jsx": {"lines":{"total":8,"covered":8,"skipped":0,"pct":100},"functions":{"total":4,"covered":4,"skipped":0,"pct":100},"statements":{"total":8,"covered":8,"skipped":0,"pct":100},"branches":{"total":10,"covered":10,"skipped":0,"pct":100}}
,"/Users/shirlytian/Documents/AN/aui/src/index/PermitContract/consts/actionTypes.js": {"lines":{"total":5,"covered":5,"skipped":0,"pct":100},"functions":{"total":0,"covered":0,"skipped":0,"pct":100},"statements":{"total":5,"covered":5,"skipped":0,"pct":100},"branches":{"total":0,"covered":0,"skipped":0,"pct":100}}
,"/Users/shirlytian/Documents/AN/aui/src/index/PermitContract/consts/optionsEnum.js": {"lines":{"total":4,"covered":4,"skipped":0,"pct":100},"functions":{"total":0,"covered":0,"skipped":0,"pct":100},"statements":{"total":4,"covered":4,"skipped":0,"pct":100},"branches":{"total":0,"covered":0,"skipped":0,"pct":100}}
,"/Users/shirlytian/Documents/AN/aui/src/index/PermitContract/consts/permitStatesEnum.js": {"lines":{"total":1,"covered":1,"skipped":0,"pct":100},"functions":{"total":0,"covered":0,"skipped":0,"pct":100},"statements":{"total":1,"covered":1,"skipped":0,"pct":100},"branches":{"total":0,"covered":0,"skipped":0,"pct":100}}
,"/Users/shirlytian/Documents/AN/aui/src/index/PermitContract/reducers/index.js": {"lines":{"total":25,"covered":25,"skipped":0,"pct":100},"functions":{"total":3,"covered":3,"skipped":0,"pct":100},"statements":{"total":25,"covered":25,"skipped":0,"pct":100},"branches":{"total":7,"covered":7,"skipped":0,"pct":100}}
,"/Users/shirlytian/Documents/AN/aui/src/index/PermitContract/utils/dateStringSorter.js": {"lines":{"total":10,"covered":10,"skipped":0,"pct":100},"functions":{"total":2,"covered":2,"skipped":0,"pct":100},"statements":{"total":11,"covered":11,"skipped":0,"pct":100},"branches":{"total":12,"covered":12,"skipped":0,"pct":100}}
,"/Users/shirlytian/Documents/AN/aui/src/index/PermitContract/utils/flatQuestionAnswers.js": {"lines":{"total":10,"covered":10,"skipped":0,"pct":100},"functions":{"total":4,"covered":4,"skipped":0,"pct":100},"statements":{"total":11,"covered":11,"skipped":0,"pct":100},"branches":{"total":9,"covered":8,"skipped":0,"pct":88.89}}
,"/Users/shirlytian/Documents/AN/aui/src/index/PermitContract/utils/formatAmount.js": {"lines":{"total":8,"covered":8,"skipped":0,"pct":100},"functions":{"total":1,"covered":1,"skipped":0,"pct":100},"statements":{"total":8,"covered":8,"skipped":0,"pct":100},"branches":{"total":8,"covered":8,"skipped":0,"pct":100}}
,"/Users/shirlytian/Documents/AN/aui/src/index/PermitContract/utils/htmlContent.js": {"lines":{"total":137,"covered":137,"skipped":0,"pct":100},"functions":{"total":26,"covered":26,"skipped":0,"pct":100},"statements":{"total":140,"covered":140,"skipped":0,"pct":100},"branches":{"total":25,"covered":25,"skipped":0,"pct":100}}
,"/Users/shirlytian/Documents/AN/aui/src/index/PermitContract/utils/htmlStringContainsText.js": {"lines":{"total":1,"covered":1,"skipped":0,"pct":100},"functions":{"total":1,"covered":1,"skipped":0,"pct":100},"statements":{"total":2,"covered":2,"skipped":0,"pct":100},"branches":{"total":0,"covered":0,"skipped":0,"pct":100}}
,"/Users/shirlytian/Documents/AN/aui/src/index/PermitContract/utils/recurring.js": {"lines":{"total":19,"covered":19,"skipped":0,"pct":100},"functions":{"total":1,"covered":1,"skipped":0,"pct":100},"statements":{"total":19,"covered":19,"skipped":0,"pct":100},"branches":{"total":15,"covered":15,"skipped":0,"pct":100}}
,"/Users/shirlytian/Documents/AN/aui/src/index/PermitDetail/index.jsx": {"lines":{"total":57,"covered":56,"skipped":0,"pct":98.25},"functions":{"total":18,"covered":18,"skipped":0,"pct":100},"statements":{"total":60,"covered":59,"skipped":0,"pct":98.33},"branches":{"total":57,"covered":50,"skipped":0,"pct":87.72}}
,"/Users/shirlytian/Documents/AN/aui/src/index/PermitDetail/actions/addToCart.js": {"lines":{"total":43,"covered":43,"skipped":0,"pct":100},"functions":{"total":6,"covered":6,"skipped":0,"pct":100},"statements":{"total":43,"covered":43,"skipped":0,"pct":100},"branches":{"total":20,"covered":19,"skipped":0,"pct":95}}
,"/Users/shirlytian/Documents/AN/aui/src/index/PermitDetail/actions/index.js": {"lines":{"total":11,"covered":11,"skipped":0,"pct":100},"functions":{"total":6,"covered":6,"skipped":0,"pct":100},"statements":{"total":11,"covered":11,"skipped":0,"pct":100},"branches":{"total":2,"covered":2,"skipped":0,"pct":100}}
,"/Users/shirlytian/Documents/AN/aui/src/index/PermitDetail/actions/permitSearch.js": {"lines":{"total":74,"covered":73,"skipped":0,"pct":98.65},"functions":{"total":25,"covered":25,"skipped":0,"pct":100},"statements":{"total":77,"covered":76,"skipped":0,"pct":98.7},"branches":{"total":9,"covered":9,"skipped":0,"pct":100}}
,"/Users/shirlytian/Documents/AN/aui/src/index/PermitDetail/actions/permitType.js": {"lines":{"total":19,"covered":19,"skipped":0,"pct":100},"functions":{"total":13,"covered":13,"skipped":0,"pct":100},"statements":{"total":22,"covered":22,"skipped":0,"pct":100},"branches":{"total":3,"covered":3,"skipped":0,"pct":100}}
,"/Users/shirlytian/Documents/AN/aui/src/index/PermitDetail/actions/survey.js": {"lines":{"total":81,"covered":80,"skipped":0,"pct":98.77},"functions":{"total":28,"covered":26,"skipped":0,"pct":92.86},"statements":{"total":95,"covered":93,"skipped":0,"pct":97.89},"branches":{"total":15,"covered":15,"skipped":0,"pct":100}}
,"/Users/shirlytian/Documents/AN/aui/src/index/PermitDetail/components/LinkGroup/index.jsx": {"lines":{"total":2,"covered":2,"skipped":0,"pct":100},"functions":{"total":1,"covered":1,"skipped":0,"pct":100},"statements":{"total":2,"covered":2,"skipped":0,"pct":100},"branches":{"total":0,"covered":0,"skipped":0,"pct":100}}
,"/Users/shirlytian/Documents/AN/aui/src/index/PermitDetail/components/Notes/index.jsx": {"lines":{"total":3,"covered":3,"skipped":0,"pct":100},"functions":{"total":2,"covered":2,"skipped":0,"pct":100},"statements":{"total":3,"covered":3,"skipped":0,"pct":100},"branches":{"total":0,"covered":0,"skipped":0,"pct":100}}
,"/Users/shirlytian/Documents/AN/aui/src/index/PermitDetail/components/PermitFooterBtns/index.jsx": {"lines":{"total":3,"covered":3,"skipped":0,"pct":100},"functions":{"total":2,"covered":2,"skipped":0,"pct":100},"statements":{"total":3,"covered":3,"skipped":0,"pct":100},"branches":{"total":0,"covered":0,"skipped":0,"pct":100}}
,"/Users/shirlytian/Documents/AN/aui/src/index/PermitDetail/components/PermitSearch/index.jsx": {"lines":{"total":48,"covered":48,"skipped":0,"pct":100},"functions":{"total":18,"covered":18,"skipped":0,"pct":100},"statements":{"total":48,"covered":48,"skipped":0,"pct":100},"branches":{"total":56,"covered":56,"skipped":0,"pct":100}}
,"/Users/shirlytian/Documents/AN/aui/src/index/PermitDetail/components/PermitType/index.jsx": {"lines":{"total":29,"covered":29,"skipped":0,"pct":100},"functions":{"total":6,"covered":6,"skipped":0,"pct":100},"statements":{"total":31,"covered":31,"skipped":0,"pct":100},"branches":{"total":14,"covered":14,"skipped":0,"pct":100}}
,"/Users/shirlytian/Documents/AN/aui/src/index/PermitDetail/components/PermitTypeSet/index.jsx": {"lines":{"total":37,"covered":37,"skipped":0,"pct":100},"functions":{"total":12,"covered":11,"skipped":0,"pct":91.67},"statements":{"total":38,"covered":38,"skipped":0,"pct":100},"branches":{"total":14,"covered":14,"skipped":0,"pct":100}}
,"/Users/shirlytian/Documents/AN/aui/src/index/PermitDetail/components/Waiver/index.jsx": {"lines":{"total":3,"covered":3,"skipped":0,"pct":100},"functions":{"total":2,"covered":2,"skipped":0,"pct":100},"statements":{"total":3,"covered":3,"skipped":0,"pct":100},"branches":{"total":0,"covered":0,"skipped":0,"pct":100}}
,"/Users/shirlytian/Documents/AN/aui/src/index/PermitDetail/reducers/addToCart.js": {"lines":{"total":10,"covered":10,"skipped":0,"pct":100},"functions":{"total":2,"covered":2,"skipped":0,"pct":100},"statements":{"total":10,"covered":10,"skipped":0,"pct":100},"branches":{"total":0,"covered":0,"skipped":0,"pct":100}}
,"/Users/shirlytian/Documents/AN/aui/src/index/PermitDetail/reducers/index.js": {"lines":{"total":8,"covered":8,"skipped":0,"pct":100},"functions":{"total":2,"covered":2,"skipped":0,"pct":100},"statements":{"total":8,"covered":8,"skipped":0,"pct":100},"branches":{"total":0,"covered":0,"skipped":0,"pct":100}}
,"/Users/shirlytian/Documents/AN/aui/src/index/PermitDetail/reducers/permitSearch.js": {"lines":{"total":33,"covered":33,"skipped":0,"pct":100},"functions":{"total":11,"covered":11,"skipped":0,"pct":100},"statements":{"total":33,"covered":33,"skipped":0,"pct":100},"branches":{"total":5,"covered":5,"skipped":0,"pct":100}}
,"/Users/shirlytian/Documents/AN/aui/src/index/PermitDetail/reducers/permitType.js": {"lines":{"total":17,"covered":17,"skipped":0,"pct":100},"functions":{"total":5,"covered":5,"skipped":0,"pct":100},"statements":{"total":17,"covered":17,"skipped":0,"pct":100},"branches":{"total":8,"covered":4,"skipped":0,"pct":50}}
,"/Users/shirlytian/Documents/AN/aui/src/index/PermitDetail/reducers/survey.js": {"lines":{"total":9,"covered":9,"skipped":0,"pct":100},"functions":{"total":1,"covered":1,"skipped":0,"pct":100},"statements":{"total":9,"covered":9,"skipped":0,"pct":100},"branches":{"total":0,"covered":0,"skipped":0,"pct":100}}
,"/Users/shirlytian/Documents/AN/aui/src/index/PermitDetail/utils/formatTypesData.js": {"lines":{"total":35,"covered":35,"skipped":0,"pct":100},"functions":{"total":12,"covered":12,"skipped":0,"pct":100},"statements":{"total":36,"covered":36,"skipped":0,"pct":100},"branches":{"total":10,"covered":10,"skipped":0,"pct":100}}
,"/Users/shirlytian/Documents/AN/aui/src/index/PermitDetail/utils/getRequiredWaivers.js": {"lines":{"total":10,"covered":10,"skipped":0,"pct":100},"functions":{"total":2,"covered":2,"skipped":0,"pct":100},"statements":{"total":10,"covered":10,"skipped":0,"pct":100},"branches":{"total":7,"covered":7,"skipped":0,"pct":100}}
,"/Users/shirlytian/Documents/AN/aui/src/index/RefundDeposits/index.jsx": {"lines":{"total":9,"covered":9,"skipped":0,"pct":100},"functions":{"total":4,"covered":4,"skipped":0,"pct":100},"statements":{"total":10,"covered":10,"skipped":0,"pct":100},"branches":{"total":9,"covered":9,"skipped":0,"pct":100}}
,"/Users/shirlytian/Documents/AN/aui/src/index/RefundDeposits/actions/refundDeposits.js": {"lines":{"total":186,"covered":186,"skipped":0,"pct":100},"functions":{"total":77,"covered":77,"skipped":0,"pct":100},"statements":{"total":212,"covered":212,"skipped":0,"pct":100},"branches":{"total":77,"covered":77,"skipped":0,"pct":100}}
,"/Users/shirlytian/Documents/AN/aui/src/index/RefundDeposits/components/Deposits/columns.jsx": {"lines":{"total":14,"covered":14,"skipped":0,"pct":100},"functions":{"total":1,"covered":1,"skipped":0,"pct":100},"statements":{"total":14,"covered":14,"skipped":0,"pct":100},"branches":{"total":0,"covered":0,"skipped":0,"pct":100}}
,"/Users/shirlytian/Documents/AN/aui/src/index/RefundDeposits/components/Deposits/index.jsx": {"lines":{"total":4,"covered":4,"skipped":0,"pct":100},"functions":{"total":2,"covered":2,"skipped":0,"pct":100},"statements":{"total":4,"covered":4,"skipped":0,"pct":100},"branches":{"total":2,"covered":2,"skipped":0,"pct":100}}
,"/Users/shirlytian/Documents/AN/aui/src/index/RefundDeposits/components/ExtraFees/index.jsx": {"lines":{"total":37,"covered":37,"skipped":0,"pct":100},"functions":{"total":20,"covered":20,"skipped":0,"pct":100},"statements":{"total":40,"covered":40,"skipped":0,"pct":100},"branches":{"total":20,"covered":20,"skipped":0,"pct":100}}
,"/Users/shirlytian/Documents/AN/aui/src/index/RefundDeposits/components/Footer/index.jsx": {"lines":{"total":48,"covered":48,"skipped":0,"pct":100},"functions":{"total":16,"covered":16,"skipped":0,"pct":100},"statements":{"total":48,"covered":48,"skipped":0,"pct":100},"branches":{"total":26,"covered":26,"skipped":0,"pct":100}}
,"/Users/shirlytian/Documents/AN/aui/src/index/RefundDeposits/components/Notes/index.jsx": {"lines":{"total":4,"covered":4,"skipped":0,"pct":100},"functions":{"total":3,"covered":3,"skipped":0,"pct":100},"statements":{"total":4,"covered":4,"skipped":0,"pct":100},"branches":{"total":6,"covered":6,"skipped":0,"pct":100}}
,"/Users/shirlytian/Documents/AN/aui/src/index/RefundDeposits/components/RefundPrerequisite/index.jsx": {"lines":{"total":16,"covered":16,"skipped":0,"pct":100},"functions":{"total":2,"covered":2,"skipped":0,"pct":100},"statements":{"total":16,"covered":16,"skipped":0,"pct":100},"branches":{"total":10,"covered":10,"skipped":0,"pct":100}}
,"/Users/shirlytian/Documents/AN/aui/src/index/RefundDeposits/components/RentalFees/columns.jsx": {"lines":{"total":14,"covered":14,"skipped":0,"pct":100},"functions":{"total":1,"covered":1,"skipped":0,"pct":100},"statements":{"total":14,"covered":14,"skipped":0,"pct":100},"branches":{"total":0,"covered":0,"skipped":0,"pct":100}}
,"/Users/shirlytian/Documents/AN/aui/src/index/RefundDeposits/components/RentalFees/index.jsx": {"lines":{"total":4,"covered":4,"skipped":0,"pct":100},"functions":{"total":2,"covered":2,"skipped":0,"pct":100},"statements":{"total":4,"covered":4,"skipped":0,"pct":100},"branches":{"total":2,"covered":2,"skipped":0,"pct":100}}
,"/Users/shirlytian/Documents/AN/aui/src/index/RefundDeposits/consts/index.js": {"lines":{"total":0,"covered":0,"skipped":0,"pct":100},"functions":{"total":0,"covered":0,"skipped":0,"pct":100},"statements":{"total":0,"covered":0,"skipped":0,"pct":100},"branches":{"total":0,"covered":0,"skipped":0,"pct":100}}
,"/Users/shirlytian/Documents/AN/aui/src/index/RefundDeposits/consts/warningMsg.js": {"lines":{"total":1,"covered":1,"skipped":0,"pct":100},"functions":{"total":0,"covered":0,"skipped":0,"pct":100},"statements":{"total":1,"covered":1,"skipped":0,"pct":100},"branches":{"total":0,"covered":0,"skipped":0,"pct":100}}
,"/Users/shirlytian/Documents/AN/aui/src/index/RefundDeposits/reducers/refundDeposits.js": {"lines":{"total":137,"covered":137,"skipped":0,"pct":100},"functions":{"total":35,"covered":35,"skipped":0,"pct":100},"statements":{"total":149,"covered":149,"skipped":0,"pct":100},"branches":{"total":38,"covered":38,"skipped":0,"pct":100}}
,"/Users/shirlytian/Documents/AN/aui/src/index/Reservation/index.jsx": {"lines":{"total":10,"covered":10,"skipped":0,"pct":100},"functions":{"total":3,"covered":3,"skipped":0,"pct":100},"statements":{"total":10,"covered":10,"skipped":0,"pct":100},"branches":{"total":10,"covered":10,"skipped":0,"pct":100}}
,"/Users/shirlytian/Documents/AN/aui/src/index/Reservation/actions/index.js": {"lines":{"total":8,"covered":8,"skipped":0,"pct":100},"functions":{"total":3,"covered":3,"skipped":0,"pct":100},"statements":{"total":8,"covered":8,"skipped":0,"pct":100},"branches":{"total":0,"covered":0,"skipped":0,"pct":100}}
,"/Users/shirlytian/Documents/AN/aui/src/index/Reservation/actions/permitAction.js": {"lines":{"total":15,"covered":15,"skipped":0,"pct":100},"functions":{"total":10,"covered":10,"skipped":0,"pct":100},"statements":{"total":16,"covered":16,"skipped":0,"pct":100},"branches":{"total":1,"covered":1,"skipped":0,"pct":100}}
,"/Users/shirlytian/Documents/AN/aui/src/index/Reservation/actions/permitFilter.js": {"lines":{"total":23,"covered":22,"skipped":0,"pct":95.65},"functions":{"total":14,"covered":13,"skipped":0,"pct":92.86},"statements":{"total":24,"covered":23,"skipped":0,"pct":95.83},"branches":{"total":15,"covered":15,"skipped":0,"pct":100}}
,"/Users/shirlytian/Documents/AN/aui/src/index/Reservation/actions/permitGrid.js": {"lines":{"total":43,"covered":43,"skipped":0,"pct":100},"functions":{"total":24,"covered":24,"skipped":0,"pct":100},"statements":{"total":46,"covered":46,"skipped":0,"pct":100},"branches":{"total":14,"covered":14,"skipped":0,"pct":100}}
,"/Users/shirlytian/Documents/AN/aui/src/index/Reservation/components/LinkGroup/index.jsx": {"lines":{"total":13,"covered":13,"skipped":0,"pct":100},"functions":{"total":5,"covered":5,"skipped":0,"pct":100},"statements":{"total":13,"covered":13,"skipped":0,"pct":100},"branches":{"total":8,"covered":8,"skipped":0,"pct":100}}
,"/Users/shirlytian/Documents/AN/aui/src/index/Reservation/components/PermitAction/index.jsx": {"lines":{"total":92,"covered":92,"skipped":0,"pct":100},"functions":{"total":29,"covered":29,"skipped":0,"pct":100},"statements":{"total":93,"covered":93,"skipped":0,"pct":100},"branches":{"total":71,"covered":71,"skipped":0,"pct":100}}
,"/Users/shirlytian/Documents/AN/aui/src/index/Reservation/components/PermitFilter/index.jsx": {"lines":{"total":89,"covered":89,"skipped":0,"pct":100},"functions":{"total":26,"covered":26,"skipped":0,"pct":100},"statements":{"total":90,"covered":90,"skipped":0,"pct":100},"branches":{"total":38,"covered":38,"skipped":0,"pct":100}}
,"/Users/shirlytian/Documents/AN/aui/src/index/Reservation/components/PermitGrid/EventInfoTooltip.jsx": {"lines":{"total":12,"covered":12,"skipped":0,"pct":100},"functions":{"total":3,"covered":3,"skipped":0,"pct":100},"statements":{"total":12,"covered":12,"skipped":0,"pct":100},"branches":{"total":16,"covered":16,"skipped":0,"pct":100}}
,"/Users/shirlytian/Documents/AN/aui/src/index/Reservation/components/PermitGrid/columns.jsx": {"lines":{"total":29,"covered":23,"skipped":0,"pct":79.31},"functions":{"total":4,"covered":2,"skipped":0,"pct":50},"statements":{"total":29,"covered":23,"skipped":0,"pct":79.31},"branches":{"total":8,"covered":7,"skipped":0,"pct":87.5}}
,"/Users/shirlytian/Documents/AN/aui/src/index/Reservation/components/PermitGrid/index.jsx": {"lines":{"total":53,"covered":51,"skipped":0,"pct":96.23},"functions":{"total":19,"covered":18,"skipped":0,"pct":94.74},"statements":{"total":54,"covered":52,"skipped":0,"pct":96.3},"branches":{"total":16,"covered":12,"skipped":0,"pct":75}}
,"/Users/shirlytian/Documents/AN/aui/src/index/Reservation/consts/permitSearchType.js": {"lines":{"total":0,"covered":0,"skipped":0,"pct":100},"functions":{"total":0,"covered":0,"skipped":0,"pct":100},"statements":{"total":0,"covered":0,"skipped":0,"pct":100},"branches":{"total":0,"covered":0,"skipped":0,"pct":100}}
,"/Users/shirlytian/Documents/AN/aui/src/index/Reservation/consts/permitsTooltipFetchStatus.js": {"lines":{"total":1,"covered":1,"skipped":0,"pct":100},"functions":{"total":0,"covered":0,"skipped":0,"pct":100},"statements":{"total":1,"covered":1,"skipped":0,"pct":100},"branches":{"total":0,"covered":0,"skipped":0,"pct":100}}
,"/Users/shirlytian/Documents/AN/aui/src/index/Reservation/reducers/permitAction.js": {"lines":{"total":22,"covered":22,"skipped":0,"pct":100},"functions":{"total":6,"covered":6,"skipped":0,"pct":100},"statements":{"total":22,"covered":22,"skipped":0,"pct":100},"branches":{"total":4,"covered":4,"skipped":0,"pct":100}}
,"/Users/shirlytian/Documents/AN/aui/src/index/Reservation/reducers/permitFilter.js": {"lines":{"total":59,"covered":58,"skipped":0,"pct":98.31},"functions":{"total":12,"covered":12,"skipped":0,"pct":100},"statements":{"total":59,"covered":58,"skipped":0,"pct":98.31},"branches":{"total":9,"covered":9,"skipped":0,"pct":100}}
,"/Users/shirlytian/Documents/AN/aui/src/index/Reservation/reducers/permitGrid.js": {"lines":{"total":55,"covered":55,"skipped":0,"pct":100},"functions":{"total":14,"covered":14,"skipped":0,"pct":100},"statements":{"total":60,"covered":60,"skipped":0,"pct":100},"branches":{"total":17,"covered":17,"skipped":0,"pct":100}}
,"/Users/shirlytian/Documents/AN/aui/src/index/Reservation/utils/permitFilterFunc.js": {"lines":{"total":7,"covered":7,"skipped":0,"pct":100},"functions":{"total":2,"covered":2,"skipped":0,"pct":100},"statements":{"total":7,"covered":7,"skipped":0,"pct":100},"branches":{"total":2,"covered":2,"skipped":0,"pct":100}}
,"/Users/shirlytian/Documents/AN/aui/src/index/ReservationDetail/index.jsx": {"lines":{"total":67,"covered":61,"skipped":0,"pct":91.04},"functions":{"total":22,"covered":18,"skipped":0,"pct":81.82},"statements":{"total":71,"covered":64,"skipped":0,"pct":90.14},"branches":{"total":44,"covered":44,"skipped":0,"pct":100}}
,"/Users/shirlytian/Documents/AN/aui/src/index/ReservationDetail/actions/actionBar.js": {"lines":{"total":11,"covered":11,"skipped":0,"pct":100},"functions":{"total":7,"covered":7,"skipped":0,"pct":100},"statements":{"total":13,"covered":13,"skipped":0,"pct":100},"branches":{"total":0,"covered":0,"skipped":0,"pct":100}}
,"/Users/shirlytian/Documents/AN/aui/src/index/ReservationDetail/actions/attachment.js": {"lines":{"total":11,"covered":11,"skipped":0,"pct":100},"functions":{"total":7,"covered":7,"skipped":0,"pct":100},"statements":{"total":11,"covered":11,"skipped":0,"pct":100},"branches":{"total":0,"covered":0,"skipped":0,"pct":100}}
,"/Users/shirlytian/Documents/AN/aui/src/index/ReservationDetail/actions/balanceDueDetail.js": {"lines":{"total":8,"covered":8,"skipped":0,"pct":100},"functions":{"total":4,"covered":4,"skipped":0,"pct":100},"statements":{"total":10,"covered":10,"skipped":0,"pct":100},"branches":{"total":1,"covered":1,"skipped":0,"pct":100}}
,"/Users/shirlytian/Documents/AN/aui/src/index/ReservationDetail/actions/eventList.js": {"lines":{"total":81,"covered":81,"skipped":0,"pct":100},"functions":{"total":33,"covered":33,"skipped":0,"pct":100},"statements":{"total":93,"covered":93,"skipped":0,"pct":100},"branches":{"total":10,"covered":10,"skipped":0,"pct":100}}
,"/Users/shirlytian/Documents/AN/aui/src/index/ReservationDetail/actions/feeSummary.js": {"lines":{"total":2,"covered":2,"skipped":0,"pct":100},"functions":{"total":1,"covered":1,"skipped":0,"pct":100},"statements":{"total":2,"covered":2,"skipped":0,"pct":100},"branches":{"total":0,"covered":0,"skipped":0,"pct":100}}
,"/Users/shirlytian/Documents/AN/aui/src/index/ReservationDetail/actions/footer.js": {"lines":{"total":76,"covered":75,"skipped":0,"pct":98.68},"functions":{"total":32,"covered":32,"skipped":0,"pct":100},"statements":{"total":85,"covered":84,"skipped":0,"pct":98.82},"branches":{"total":29,"covered":24,"skipped":0,"pct":82.76}}
,"/Users/shirlytian/Documents/AN/aui/src/index/ReservationDetail/actions/index.js": {"lines":{"total":22,"covered":22,"skipped":0,"pct":100},"functions":{"total":7,"covered":7,"skipped":0,"pct":100},"statements":{"total":25,"covered":25,"skipped":0,"pct":100},"branches":{"total":6,"covered":6,"skipped":0,"pct":100}}
,"/Users/shirlytian/Documents/AN/aui/src/index/ReservationDetail/actions/survey.js": {"lines":{"total":194,"covered":176,"skipped":0,"pct":90.72},"functions":{"total":61,"covered":53,"skipped":0,"pct":86.89},"statements":{"total":209,"covered":190,"skipped":0,"pct":90.91},"branches":{"total":48,"covered":44,"skipped":0,"pct":91.67}}
,"/Users/shirlytian/Documents/AN/aui/src/index/ReservationDetail/actions/modals/amendmentReason.js": {"lines":{"total":6,"covered":6,"skipped":0,"pct":100},"functions":{"total":3,"covered":3,"skipped":0,"pct":100},"statements":{"total":6,"covered":6,"skipped":0,"pct":100},"branches":{"total":0,"covered":0,"skipped":0,"pct":100}}
,"/Users/shirlytian/Documents/AN/aui/src/index/ReservationDetail/components/ActionBar/index.jsx": {"lines":{"total":87,"covered":86,"skipped":0,"pct":98.85},"functions":{"total":31,"covered":30,"skipped":0,"pct":96.77},"statements":{"total":88,"covered":87,"skipped":0,"pct":98.86},"branches":{"total":41,"covered":39,"skipped":0,"pct":95.12}}
,"/Users/shirlytian/Documents/AN/aui/src/index/ReservationDetail/components/AttachmentManage/index.jsx": {"lines":{"total":67,"covered":65,"skipped":0,"pct":97.01},"functions":{"total":17,"covered":15,"skipped":0,"pct":88.24},"statements":{"total":69,"covered":66,"skipped":0,"pct":95.65},"branches":{"total":38,"covered":37,"skipped":0,"pct":97.37}}
,"/Users/shirlytian/Documents/AN/aui/src/index/ReservationDetail/components/EventList/EventDetail.jsx": {"lines":{"total":23,"covered":23,"skipped":0,"pct":100},"functions":{"total":4,"covered":4,"skipped":0,"pct":100},"statements":{"total":23,"covered":23,"skipped":0,"pct":100},"branches":{"total":22,"covered":21,"skipped":0,"pct":95.45}}
,"/Users/shirlytian/Documents/AN/aui/src/index/ReservationDetail/components/EventList/EventSurvey.jsx": {"lines":{"total":7,"covered":7,"skipped":0,"pct":100},"functions":{"total":5,"covered":5,"skipped":0,"pct":100},"statements":{"total":7,"covered":7,"skipped":0,"pct":100},"branches":{"total":14,"covered":13,"skipped":0,"pct":92.86}}
,"/Users/shirlytian/Documents/AN/aui/src/index/ReservationDetail/components/EventList/index.jsx": {"lines":{"total":58,"covered":52,"skipped":0,"pct":89.66},"functions":{"total":23,"covered":18,"skipped":0,"pct":78.26},"statements":{"total":59,"covered":53,"skipped":0,"pct":89.83},"branches":{"total":61,"covered":58,"skipped":0,"pct":95.08}}
,"/Users/shirlytian/Documents/AN/aui/src/index/ReservationDetail/components/FeeSummary/index.jsx": {"lines":{"total":6,"covered":6,"skipped":0,"pct":100},"functions":{"total":1,"covered":1,"skipped":0,"pct":100},"statements":{"total":6,"covered":6,"skipped":0,"pct":100},"branches":{"total":6,"covered":6,"skipped":0,"pct":100}}
,"/Users/shirlytian/Documents/AN/aui/src/index/ReservationDetail/components/Footer/index.jsx": {"lines":{"total":45,"covered":45,"skipped":0,"pct":100},"functions":{"total":21,"covered":21,"skipped":0,"pct":100},"statements":{"total":45,"covered":45,"skipped":0,"pct":100},"branches":{"total":24,"covered":24,"skipped":0,"pct":100}}
,"/Users/shirlytian/Documents/AN/aui/src/index/ReservationDetail/components/GeneralInformation/index.jsx": {"lines":{"total":11,"covered":11,"skipped":0,"pct":100},"functions":{"total":5,"covered":5,"skipped":0,"pct":100},"statements":{"total":11,"covered":11,"skipped":0,"pct":100},"branches":{"total":19,"covered":19,"skipped":0,"pct":100}}
,"/Users/shirlytian/Documents/AN/aui/src/index/ReservationDetail/components/modals/AmendmentReason/index.jsx": {"lines":{"total":9,"covered":9,"skipped":0,"pct":100},"functions":{"total":5,"covered":5,"skipped":0,"pct":100},"statements":{"total":10,"covered":10,"skipped":0,"pct":100},"branches":{"total":10,"covered":10,"skipped":0,"pct":100}}
,"/Users/shirlytian/Documents/AN/aui/src/index/ReservationDetail/consts/actionTypes.js": {"lines":{"total":2,"covered":2,"skipped":0,"pct":100},"functions":{"total":0,"covered":0,"skipped":0,"pct":100},"statements":{"total":2,"covered":2,"skipped":0,"pct":100},"branches":{"total":0,"covered":0,"skipped":0,"pct":100}}
,"/Users/shirlytian/Documents/AN/aui/src/index/ReservationDetail/reducers/actionBar.js": {"lines":{"total":6,"covered":6,"skipped":0,"pct":100},"functions":{"total":2,"covered":2,"skipped":0,"pct":100},"statements":{"total":6,"covered":6,"skipped":0,"pct":100},"branches":{"total":0,"covered":0,"skipped":0,"pct":100}}
,"/Users/shirlytian/Documents/AN/aui/src/index/ReservationDetail/reducers/attachment.js": {"lines":{"total":4,"covered":4,"skipped":0,"pct":100},"functions":{"total":1,"covered":1,"skipped":0,"pct":100},"statements":{"total":5,"covered":5,"skipped":0,"pct":100},"branches":{"total":0,"covered":0,"skipped":0,"pct":100}}
,"/Users/shirlytian/Documents/AN/aui/src/index/ReservationDetail/reducers/balanceDueDetail.js": {"lines":{"total":4,"covered":4,"skipped":0,"pct":100},"functions":{"total":1,"covered":1,"skipped":0,"pct":100},"statements":{"total":4,"covered":4,"skipped":0,"pct":100},"branches":{"total":0,"covered":0,"skipped":0,"pct":100}}
,"/Users/shirlytian/Documents/AN/aui/src/index/ReservationDetail/reducers/eventList.js": {"lines":{"total":47,"covered":47,"skipped":0,"pct":100},"functions":{"total":9,"covered":9,"skipped":0,"pct":100},"statements":{"total":47,"covered":47,"skipped":0,"pct":100},"branches":{"total":0,"covered":0,"skipped":0,"pct":100}}
,"/Users/shirlytian/Documents/AN/aui/src/index/ReservationDetail/reducers/feeSummary.js": {"lines":{"total":7,"covered":7,"skipped":0,"pct":100},"functions":{"total":2,"covered":2,"skipped":0,"pct":100},"statements":{"total":7,"covered":7,"skipped":0,"pct":100},"branches":{"total":0,"covered":0,"skipped":0,"pct":100}}
,"/Users/shirlytian/Documents/AN/aui/src/index/ReservationDetail/reducers/footer.js": {"lines":{"total":7,"covered":7,"skipped":0,"pct":100},"functions":{"total":1,"covered":1,"skipped":0,"pct":100},"statements":{"total":7,"covered":7,"skipped":0,"pct":100},"branches":{"total":1,"covered":1,"skipped":0,"pct":100}}
,"/Users/shirlytian/Documents/AN/aui/src/index/ReservationDetail/reducers/index.js": {"lines":{"total":10,"covered":10,"skipped":0,"pct":100},"functions":{"total":2,"covered":2,"skipped":0,"pct":100},"statements":{"total":11,"covered":11,"skipped":0,"pct":100},"branches":{"total":0,"covered":0,"skipped":0,"pct":100}}
,"/Users/shirlytian/Documents/AN/aui/src/index/ReservationDetail/reducers/survey.js": {"lines":{"total":25,"covered":25,"skipped":0,"pct":100},"functions":{"total":3,"covered":3,"skipped":0,"pct":100},"statements":{"total":25,"covered":25,"skipped":0,"pct":100},"branches":{"total":6,"covered":6,"skipped":0,"pct":100}}
,"/Users/shirlytian/Documents/AN/aui/src/index/ReservationDetail/reducers/modals/amendmentReason.js": {"lines":{"total":7,"covered":7,"skipped":0,"pct":100},"functions":{"total":1,"covered":1,"skipped":0,"pct":100},"statements":{"total":7,"covered":7,"skipped":0,"pct":100},"branches":{"total":0,"covered":0,"skipped":0,"pct":100}}
,"/Users/shirlytian/Documents/AN/aui/src/index/ReservationDetail/utils/eventKeymanager.js": {"lines":{"total":2,"covered":2,"skipped":0,"pct":100},"functions":{"total":2,"covered":2,"skipped":0,"pct":100},"statements":{"total":2,"covered":2,"skipped":0,"pct":100},"branches":{"total":0,"covered":0,"skipped":0,"pct":100}}
,"/Users/shirlytian/Documents/AN/aui/src/index/ReservationDetail/utils/permitStatus.js": {"lines":{"total":4,"covered":4,"skipped":0,"pct":100},"functions":{"total":2,"covered":2,"skipped":0,"pct":100},"statements":{"total":6,"covered":6,"skipped":0,"pct":100},"branches":{"total":0,"covered":0,"skipped":0,"pct":100}}
,"/Users/shirlytian/Documents/AN/aui/src/index/Resource/index.jsx": {"lines":{"total":63,"covered":55,"skipped":0,"pct":87.3},"functions":{"total":18,"covered":16,"skipped":0,"pct":88.89},"statements":{"total":64,"covered":56,"skipped":0,"pct":87.5},"branches":{"total":36,"covered":35,"skipped":0,"pct":97.22}}
,"/Users/shirlytian/Documents/AN/aui/src/index/Resource/actions/bookingInformation.js": {"lines":{"total":318,"covered":306,"skipped":0,"pct":96.23},"functions":{"total":119,"covered":116,"skipped":0,"pct":97.48},"statements":{"total":340,"covered":327,"skipped":0,"pct":96.18},"branches":{"total":158,"covered":145,"skipped":0,"pct":91.77}}
,"/Users/shirlytian/Documents/AN/aui/src/index/Resource/actions/calendar.js": {"lines":{"total":36,"covered":36,"skipped":0,"pct":100},"functions":{"total":10,"covered":10,"skipped":0,"pct":100},"statements":{"total":38,"covered":38,"skipped":0,"pct":100},"branches":{"total":21,"covered":19,"skipped":0,"pct":90.48}}
,"/Users/shirlytian/Documents/AN/aui/src/index/Resource/actions/index.js": {"lines":{"total":10,"covered":10,"skipped":0,"pct":100},"functions":{"total":3,"covered":3,"skipped":0,"pct":100},"statements":{"total":10,"covered":10,"skipped":0,"pct":100},"branches":{"total":2,"covered":2,"skipped":0,"pct":100}}
,"/Users/shirlytian/Documents/AN/aui/src/index/Resource/actions/monthView.js": {"lines":{"total":23,"covered":23,"skipped":0,"pct":100},"functions":{"total":6,"covered":6,"skipped":0,"pct":100},"statements":{"total":26,"covered":26,"skipped":0,"pct":100},"branches":{"total":8,"covered":8,"skipped":0,"pct":100}}
,"/Users/shirlytian/Documents/AN/aui/src/index/Resource/actions/onboarding.js": {"lines":{"total":8,"covered":8,"skipped":0,"pct":100},"functions":{"total":5,"covered":5,"skipped":0,"pct":100},"statements":{"total":8,"covered":8,"skipped":0,"pct":100},"branches":{"total":0,"covered":0,"skipped":0,"pct":100}}
,"/Users/shirlytian/Documents/AN/aui/src/index/Resource/actions/quickView.js": {"lines":{"total":73,"covered":73,"skipped":0,"pct":100},"functions":{"total":27,"covered":27,"skipped":0,"pct":100},"statements":{"total":85,"covered":85,"skipped":0,"pct":100},"branches":{"total":21,"covered":20,"skipped":0,"pct":95.24}}
,"/Users/shirlytian/Documents/AN/aui/src/index/Resource/actions/recurringPattern.js": {"lines":{"total":36,"covered":36,"skipped":0,"pct":100},"functions":{"total":18,"covered":18,"skipped":0,"pct":100},"statements":{"total":50,"covered":50,"skipped":0,"pct":100},"branches":{"total":2,"covered":2,"skipped":0,"pct":100}}
,"/Users/shirlytian/Documents/AN/aui/src/index/Resource/actions/resourceBooking.js": {"lines":{"total":150,"covered":147,"skipped":0,"pct":98},"functions":{"total":39,"covered":37,"skipped":0,"pct":94.87},"statements":{"total":156,"covered":153,"skipped":0,"pct":98.08},"branches":{"total":52,"covered":50,"skipped":0,"pct":96.15}}
,"/Users/shirlytian/Documents/AN/aui/src/index/Resource/actions/resourceFilters.js": {"lines":{"total":85,"covered":83,"skipped":0,"pct":97.65},"functions":{"total":41,"covered":39,"skipped":0,"pct":95.12},"statements":{"total":93,"covered":90,"skipped":0,"pct":96.77},"branches":{"total":26,"covered":21,"skipped":0,"pct":80.77}}
,"/Users/shirlytian/Documents/AN/aui/src/index/Resource/actions/resourceTimeslot.js": {"lines":{"total":17,"covered":17,"skipped":0,"pct":100},"functions":{"total":6,"covered":6,"skipped":0,"pct":100},"statements":{"total":17,"covered":17,"skipped":0,"pct":100},"branches":{"total":4,"covered":4,"skipped":0,"pct":100}}
,"/Users/shirlytian/Documents/AN/aui/src/index/Resource/actions/searchSection.js": {"lines":{"total":13,"covered":13,"skipped":0,"pct":100},"functions":{"total":8,"covered":8,"skipped":0,"pct":100},"statements":{"total":13,"covered":13,"skipped":0,"pct":100},"branches":{"total":0,"covered":0,"skipped":0,"pct":100}}
,"/Users/shirlytian/Documents/AN/aui/src/index/Resource/components/BookingInformation/BookingDetailItem.jsx": {"lines":{"total":166,"covered":156,"skipped":0,"pct":93.98},"functions":{"total":48,"covered":43,"skipped":0,"pct":89.58},"statements":{"total":170,"covered":160,"skipped":0,"pct":94.12},"branches":{"total":219,"covered":196,"skipped":0,"pct":89.5}}
[...]
,"/Users/shirlytian/Documents/AN/aui/src/shared/components/PermitFee/FeeSection.jsx": {"lines":{"total":18,"covered":17,"skipped":0,"pct":94.44},"functions":{"total":10,"covered":9,"skipped":0,"pct":90},"statements":{"total":18,"covered":17,"skipped":0,"pct":94.44},"branches":{"total":2,"covered":2,"skipped":0,"pct":100}}
,"/Users/shirlytian/Documents/AN/aui/src/shared/components/PermitFee/index.jsx": {"lines":{"total":38,"covered":38,"skipped":0,"pct":100},"functions":{"total":12,"covered":12,"skipped":0,"pct":100},"statements":{"total":38,"covered":38,"skipped":0,"pct":100},"branches":{"total":4,"covered":4,"skipped":0,"pct":100}}
,"/Users/shirlytian/Documents/AN/aui/src/shared/components/Prerequisite/index.jsx": {"lines":{"total":20,"covered":20,"skipped":0,"pct":100},"functions":{"total":11,"covered":11,"skipped":0,"pct":100},"statements":{"total":20,"covered":20,"skipped":0,"pct":100},"branches":{"total":9,"covered":9,"skipped":0,"pct":100}}
,"/Users/shirlytian/Documents/AN/aui/src/shared/components/Root/index.jsx": {"lines":{"total":50,"covered":39,"skipped":0,"pct":78},"functions":{"total":11,"covered":9,"skipped":0,"pct":81.82},"statements":{"total":50,"covered":39,"skipped":0,"pct":78},"branches":{"total":26,"covered":21,"skipped":0,"pct":80.77}}
,"/Users/shirlytian/Documents/AN/aui/src/shared/components/Root/public.jsx": {"lines":{"total":2,"covered":0,"skipped":0,"pct":0},"functions":{"total":2,"covered":0,"skipped":0,"pct":0},"statements":{"total":2,"covered":0,"skipped":0,"pct":0},"branches":{"total":0,"covered":0,"skipped":0,"pct":100}}
,"/Users/shirlytian/Documents/AN/aui/src/shared/components/RunningCart/index.jsx": {"lines":{"total":31,"covered":31,"skipped":0,"pct":100},"functions":{"total":11,"covered":11,"skipped":0,"pct":100},"statements":{"total":31,"covered":31,"skipped":0,"pct":100},"branches":{"total":28,"covered":28,"skipped":0,"pct":100}}
,"/Users/shirlytian/Documents/AN/aui/src/shared/components/SetupDropdown/index.jsx": {"lines":{"total":142,"covered":140,"skipped":0,"pct":98.59},"functions":{"total":30,"covered":30,"skipped":0,"pct":100},"statements":{"total":147,"covered":145,"skipped":0,"pct":98.64},"branches":{"total":84,"covered":81,"skipped":0,"pct":96.43}}
,"/Users/shirlytian/Documents/AN/aui/src/shared/components/Skylogix/index.jsx": {"lines":{"total":11,"covered":11,"skipped":0,"pct":100},"functions":{"total":4,"covered":4,"skipped":0,"pct":100},"statements":{"total":11,"covered":11,"skipped":0,"pct":100},"branches":{"total":5,"covered":5,"skipped":0,"pct":100}}
,"/Users/shirlytian/Documents/AN/aui/src/shared/components/Sticky/container.jsx": {"lines":{"total":7,"covered":7,"skipped":0,"pct":100},"functions":{"total":7,"covered":7,"skipped":0,"pct":100},"statements":{"total":8,"covered":8,"skipped":0,"pct":100},"branches":{"total":0,"covered":0,"skipped":0,"pct":100}}
,"/Users/shirlytian/Documents/AN/aui/src/shared/components/Sticky/index.jsx": {"lines":{"total":0,"covered":0,"skipped":0,"pct":100},"functions":{"total":0,"covered":0,"skipped":0,"pct":100},"statements":{"total":0,"covered":0,"skipped":0,"pct":100},"branches":{"total":0,"covered":0,"skipped":0,"pct":100}}
,"/Users/shirlytian/Documents/AN/aui/src/shared/components/Sticky/sticky.jsx": {"lines":{"total":48,"covered":47,"skipped":0,"pct":97.92},"functions":{"total":12,"covered":12,"skipped":0,"pct":100},"statements":{"total":48,"covered":47,"skipped":0,"pct":97.92},"branches":{"total":31,"covered":30,"skipped":0,"pct":96.77}}
,"/Users/shirlytian/Documents/AN/aui/src/shared/components/Survey/helper.js": {"lines":{"total":281,"covered":276,"skipped":0,"pct":98.22},"functions":{"total":63,"covered":63,"skipped":0,"pct":100},"statements":{"total":292,"covered":287,"skipped":0,"pct":98.29},"branches":{"total":195,"covered":191,"skipped":0,"pct":97.95}}
,"/Users/shirlytian/Documents/AN/aui/src/shared/components/Survey/index.jsx": {"lines":{"total":18,"covered":18,"skipped":0,"pct":100},"functions":{"total":6,"covered":6,"skipped":0,"pct":100},"statements":{"total":18,"covered":18,"skipped":0,"pct":100},"branches":{"total":17,"covered":17,"skipped":0,"pct":100}}
,"/Users/shirlytian/Documents/AN/aui/src/shared/components/Survey/consts/APIQuestionFormat.js": {"lines":{"total":11,"covered":11,"skipped":0,"pct":100},"functions":{"total":0,"covered":0,"skipped":0,"pct":100},"statements":{"total":11,"covered":11,"skipped":0,"pct":100},"branches":{"total":0,"covered":0,"skipped":0,"pct":100}}
,"/Users/shirlytian/Documents/AN/aui/src/shared/components/Survey/consts/APIQuestionType.js": {"lines":{"total":5,"covered":5,"skipped":0,"pct":100},"functions":{"total":0,"covered":0,"skipped":0,"pct":100},"statements":{"total":5,"covered":5,"skipped":0,"pct":100},"branches":{"total":0,"covered":0,"skipped":0,"pct":100}}
,"/Users/shirlytian/Documents/AN/aui/src/shared/components/Survey/consts/ErrorMessage.js": {"lines":{"total":3,"covered":3,"skipped":0,"pct":100},"functions":{"total":0,"covered":0,"skipped":0,"pct":100},"statements":{"total":3,"covered":3,"skipped":0,"pct":100},"branches":{"total":0,"covered":0,"skipped":0,"pct":100}}
,"/Users/shirlytian/Documents/AN/aui/src/shared/components/Survey/consts/index.js": {"lines":{"total":0,"covered":0,"skipped":0,"pct":100},"functions":{"total":0,"covered":0,"skipped":0,"pct":100},"statements":{"total":0,"covered":0,"skipped":0,"pct":100},"branches":{"total":0,"covered":0,"skipped":0,"pct":100}}
,"/Users/shirlytian/Documents/AN/aui/src/shared/components/Waiver/index.jsx": {"lines":{"total":88,"covered":86,"skipped":0,"pct":97.73},"functions":{"total":19,"covered":19,"skipped":0,"pct":100},"statements":{"total":88,"covered":86,"skipped":0,"pct":97.73},"branches":{"total":118,"covered":112,"skipped":0,"pct":94.92}}
,"/Users/shirlytian/Documents/AN/aui/src/shared/components/Waiver/util.js": {"lines":{"total":51,"covered":48,"skipped":0,"pct":94.12},"functions":{"total":6,"covered":6,"skipped":0,"pct":100},"statements":{"total":52,"covered":49,"skipped":0,"pct":94.23},"branches":{"total":26,"covered":26,"skipped":0,"pct":100}}
,"/Users/shirlytian/Documents/AN/aui/src/shared/consts/ANResponseCode.js": {"lines":{"total":1,"covered":1,"skipped":0,"pct":100},"functions":{"total":0,"covered":0,"skipped":0,"pct":100},"statements":{"total":1,"covered":1,"skipped":0,"pct":100},"branches":{"total":0,"covered":0,"skipped":0,"pct":100}}
,"/Users/shirlytian/Documents/AN/aui/src/shared/consts/AUIModuleLink.js": {"lines":{"total":1,"covered":1,"skipped":0,"pct":100},"functions":{"total":0,"covered":0,"skipped":0,"pct":100},"statements":{"total":1,"covered":1,"skipped":0,"pct":100},"branches":{"total":0,"covered":0,"skipped":0,"pct":100}}
,"/Users/shirlytian/Documents/AN/aui/src/shared/consts/ResourceType.js": {"lines":{"total":3,"covered":3,"skipped":0,"pct":100},"functions":{"total":0,"covered":0,"skipped":0,"pct":100},"statements":{"total":3,"covered":3,"skipped":0,"pct":100},"branches":{"total":0,"covered":0,"skipped":0,"pct":100}}
,"/Users/shirlytian/Documents/AN/aui/src/shared/consts/helpLink.js": {"lines":{"total":0,"covered":0,"skipped":0,"pct":100},"functions":{"total":0,"covered":0,"skipped":0,"pct":100},"statements":{"total":0,"covered":0,"skipped":0,"pct":100},"branches":{"total":0,"covered":0,"skipped":0,"pct":100}}
,"/Users/shirlytian/Documents/AN/aui/src/shared/consts/index.js": {"lines":{"total":0,"covered":0,"skipped":0,"pct":100},"functions":{"total":0,"covered":0,"skipped":0,"pct":100},"statements":{"total":0,"covered":0,"skipped":0,"pct":100},"branches":{"total":0,"covered":0,"skipped":0,"pct":100}}
,"/Users/shirlytian/Documents/AN/aui/src/shared/consts/messages.js": {"lines":{"total":8,"covered":8,"skipped":0,"pct":100},"functions":{"total":0,"covered":0,"skipped":0,"pct":100},"statements":{"total":8,"covered":8,"skipped":0,"pct":100},"branches":{"total":0,"covered":0,"skipped":0,"pct":100}}
,"/Users/shirlytian/Documents/AN/aui/src/shared/consts/noteTypes.js": {"lines":{"total":2,"covered":2,"skipped":0,"pct":100},"functions":{"total":0,"covered":0,"skipped":0,"pct":100},"statements":{"total":2,"covered":2,"skipped":0,"pct":100},"branches":{"total":0,"covered":0,"skipped":0,"pct":100}}
,"/Users/shirlytian/Documents/AN/aui/src/shared/consts/pages.js": {"lines":{"total":26,"covered":26,"skipped":0,"pct":100},"functions":{"total":2,"covered":2,"skipped":0,"pct":100},"statements":{"total":26,"covered":26,"skipped":0,"pct":100},"branches":{"total":2,"covered":2,"skipped":0,"pct":100}}
,"/Users/shirlytian/Documents/AN/aui/src/shared/consts/skylogixTypes.js": {"lines":{"total":0,"covered":0,"skipped":0,"pct":100},"functions":{"total":0,"covered":0,"skipped":0,"pct":100},"statements":{"total":0,"covered":0,"skipped":0,"pct":100},"branches":{"total":0,"covered":0,"skipped":0,"pct":100}}
,"/Users/shirlytian/Documents/AN/aui/src/shared/consts/statusStyleColor.js": {"lines":{"total":1,"covered":1,"skipped":0,"pct":100},"functions":{"total":0,"covered":0,"skipped":0,"pct":100},"statements":{"total":1,"covered":1,"skipped":0,"pct":100},"branches":{"total":0,"covered":0,"skipped":0,"pct":100}}
,"/Users/shirlytian/Documents/AN/aui/src/shared/reducers/Error.js": {"lines":{"total":17,"covered":17,"skipped":0,"pct":100},"functions":{"total":5,"covered":5,"skipped":0,"pct":100},"statements":{"total":20,"covered":20,"skipped":0,"pct":100},"branches":{"total":5,"covered":5,"skipped":0,"pct":100}}
,"/Users/shirlytian/Documents/AN/aui/src/shared/reducers/breadCrumb.js": {"lines":{"total":8,"covered":7,"skipped":0,"pct":87.5},"functions":{"total":4,"covered":4,"skipped":0,"pct":100},"statements":{"total":9,"covered":8,"skipped":0,"pct":88.89},"branches":{"total":10,"covered":10,"skipped":0,"pct":100}}
,"/Users/shirlytian/Documents/AN/aui/src/shared/reducers/cashSummarySheet.js": {"lines":{"total":37,"covered":37,"skipped":0,"pct":100},"functions":{"total":6,"covered":6,"skipped":0,"pct":100},"statements":{"total":38,"covered":38,"skipped":0,"pct":100},"branches":{"total":6,"covered":5,"skipped":0,"pct":83.33}}
,"/Users/shirlytian/Documents/AN/aui/src/shared/reducers/helpLink.js": {"lines":{"total":3,"covered":3,"skipped":0,"pct":100},"functions":{"total":0,"covered":0,"skipped":0,"pct":100},"statements":{"total":3,"covered":3,"skipped":0,"pct":100},"branches":{"total":0,"covered":0,"skipped":0,"pct":100}}
,"/Users/shirlytian/Documents/AN/aui/src/shared/reducers/loadingBar.js": {"lines":{"total":9,"covered":9,"skipped":0,"pct":100},"functions":{"total":2,"covered":2,"skipped":0,"pct":100},"statements":{"total":9,"covered":9,"skipped":0,"pct":100},"branches":{"total":2,"covered":2,"skipped":0,"pct":100}}
,"/Users/shirlytian/Documents/AN/aui/src/shared/reducers/notes.js": {"lines":{"total":10,"covered":10,"skipped":0,"pct":100},"functions":{"total":2,"covered":2,"skipped":0,"pct":100},"statements":{"total":10,"covered":10,"skipped":0,"pct":100},"branches":{"total":0,"covered":0,"skipped":0,"pct":100}}
,"/Users/shirlytian/Documents/AN/aui/src/shared/reducers/permitFee.js": {"lines":{"total":24,"covered":24,"skipped":0,"pct":100},"functions":{"total":1,"covered":1,"skipped":0,"pct":100},"statements":{"total":24,"covered":24,"skipped":0,"pct":100},"branches":{"total":0,"covered":0,"skipped":0,"pct":100}}
,"/Users/shirlytian/Documents/AN/aui/src/shared/reducers/prerequisite.js": {"lines":{"total":12,"covered":12,"skipped":0,"pct":100},"functions":{"total":0,"covered":0,"skipped":0,"pct":100},"statements":{"total":12,"covered":12,"skipped":0,"pct":100},"branches":{"total":2,"covered":2,"skipped":0,"pct":100}}
,"/Users/shirlytian/Documents/AN/aui/src/shared/reducers/runningCart.js": {"lines":{"total":17,"covered":17,"skipped":0,"pct":100},"functions":{"total":4,"covered":4,"skipped":0,"pct":100},"statements":{"total":17,"covered":17,"skipped":0,"pct":100},"branches":{"total":6,"covered":6,"skipped":0,"pct":100}}
,"/Users/shirlytian/Documents/AN/aui/src/shared/reducers/skylogix.js": {"lines":{"total":5,"covered":5,"skipped":0,"pct":100},"functions":{"total":1,"covered":1,"skipped":0,"pct":100},"statements":{"total":5,"covered":5,"skipped":0,"pct":100},"branches":{"total":0,"covered":0,"skipped":0,"pct":100}}
,"/Users/shirlytian/Documents/AN/aui/src/shared/reducers/waiver.js": {"lines":{"total":92,"covered":92,"skipped":0,"pct":100},"functions":{"total":12,"covered":12,"skipped":0,"pct":100},"statements":{"total":93,"covered":93,"skipped":0,"pct":100},"branches":{"total":28,"covered":28,"skipped":0,"pct":100}}
,"/Users/shirlytian/Documents/AN/aui/src/shared/utils/DateTimeFormat.js": {"lines":{"total":69,"covered":69,"skipped":0,"pct":100},"functions":{"total":18,"covered":18,"skipped":0,"pct":100},"statements":{"total":70,"covered":70,"skipped":0,"pct":100},"branches":{"total":42,"covered":41,"skipped":0,"pct":97.62}}
,"/Users/shirlytian/Documents/AN/aui/src/shared/utils/camelize.js": {"lines":{"total":10,"covered":10,"skipped":0,"pct":100},"functions":{"total":5,"covered":5,"skipped":0,"pct":100},"statements":{"total":14,"covered":14,"skipped":0,"pct":100},"branches":{"total":6,"covered":6,"skipped":0,"pct":100}}
,"/Users/shirlytian/Documents/AN/aui/src/shared/utils/capitalizeWording.js": {"lines":{"total":1,"covered":1,"skipped":0,"pct":100},"functions":{"total":1,"covered":1,"skipped":0,"pct":100},"statements":{"total":2,"covered":2,"skipped":0,"pct":100},"branches":{"total":0,"covered":0,"skipped":0,"pct":100}}
,"/Users/shirlytian/Documents/AN/aui/src/shared/utils/convertCasingPropObj.js": {"lines":{"total":21,"covered":21,"skipped":0,"pct":100},"functions":{"total":5,"covered":5,"skipped":0,"pct":100},"statements":{"total":21,"covered":21,"skipped":0,"pct":100},"branches":{"total":8,"covered":8,"skipped":0,"pct":100}}
,"/Users/shirlytian/Documents/AN/aui/src/shared/utils/currencyHelper.js": {"lines":{"total":9,"covered":9,"skipped":0,"pct":100},"functions":{"total":3,"covered":3,"skipped":0,"pct":100},"statements":{"total":10,"covered":10,"skipped":0,"pct":100},"branches":{"total":6,"covered":6,"skipped":0,"pct":100}}
,"/Users/shirlytian/Documents/AN/aui/src/shared/utils/decamelize.js": {"lines":{"total":10,"covered":10,"skipped":0,"pct":100},"functions":{"total":5,"covered":5,"skipped":0,"pct":100},"statements":{"total":14,"covered":14,"skipped":0,"pct":100},"branches":{"total":6,"covered":6,"skipped":0,"pct":100}}
,"/Users/shirlytian/Documents/AN/aui/src/shared/utils/devToolsHelper.js": {"lines":{"total":5,"covered":5,"skipped":0,"pct":100},"functions":{"total":1,"covered":1,"skipped":0,"pct":100},"statements":{"total":5,"covered":5,"skipped":0,"pct":100},"branches":{"total":7,"covered":7,"skipped":0,"pct":100}}
,"/Users/shirlytian/Documents/AN/aui/src/shared/utils/feesOrderByRecurring.js": {"lines":{"total":13,"covered":13,"skipped":0,"pct":100},"functions":{"total":6,"covered":6,"skipped":0,"pct":100},"statements":{"total":14,"covered":14,"skipped":0,"pct":100},"branches":{"total":4,"covered":4,"skipped":0,"pct":100}}
,"/Users/shirlytian/Documents/AN/aui/src/shared/utils/formatCharge.js": {"lines":{"total":6,"covered":6,"skipped":0,"pct":100},"functions":{"total":1,"covered":1,"skipped":0,"pct":100},"statements":{"total":6,"covered":6,"skipped":0,"pct":100},"branches":{"total":6,"covered":6,"skipped":0,"pct":100}}
,"/Users/shirlytian/Documents/AN/aui/src/shared/utils/formatNumber.js": {"lines":{"total":7,"covered":7,"skipped":0,"pct":100},"functions":{"total":2,"covered":2,"skipped":0,"pct":100},"statements":{"total":7,"covered":7,"skipped":0,"pct":100},"branches":{"total":7,"covered":7,"skipped":0,"pct":100}}
,"/Users/shirlytian/Documents/AN/aui/src/shared/utils/func.js": {"lines":{"total":46,"covered":45,"skipped":0,"pct":97.83},"functions":{"total":21,"covered":21,"skipped":0,"pct":100},"statements":{"total":51,"covered":50,"skipped":0,"pct":98.04},"branches":{"total":19,"covered":18,"skipped":0,"pct":94.74}}
,"/Users/shirlytian/Documents/AN/aui/src/shared/utils/getDynamicUrl.js": {"lines":{"total":4,"covered":4,"skipped":0,"pct":100},"functions":{"total":3,"covered":3,"skipped":0,"pct":100},"statements":{"total":7,"covered":7,"skipped":0,"pct":100},"branches":{"total":2,"covered":2,"skipped":0,"pct":100}}
,"/Users/shirlytian/Documents/AN/aui/src/shared/utils/iframe.js": {"lines":{"total":28,"covered":28,"skipped":0,"pct":100},"functions":{"total":8,"covered":8,"skipped":0,"pct":100},"statements":{"total":28,"covered":28,"skipped":0,"pct":100},"branches":{"total":20,"covered":20,"skipped":0,"pct":100}}
,"/Users/shirlytian/Documents/AN/aui/src/shared/utils/initStateHelper.js": {"lines":{"total":2,"covered":2,"skipped":0,"pct":100},"functions":{"total":1,"covered":1,"skipped":0,"pct":100},"statements":{"total":2,"covered":2,"skipped":0,"pct":100},"branches":{"total":3,"covered":3,"skipped":0,"pct":100}}
,"/Users/shirlytian/Documents/AN/aui/src/shared/utils/locationHelper.js": {"lines":{"total":8,"covered":8,"skipped":0,"pct":100},"functions":{"total":2,"covered":2,"skipped":0,"pct":100},"statements":{"total":8,"covered":8,"skipped":0,"pct":100},"branches":{"total":8,"covered":8,"skipped":0,"pct":100}}
,"/Users/shirlytian/Documents/AN/aui/src/shared/utils/moveToTopOfPage.js": {"lines":{"total":3,"covered":3,"skipped":0,"pct":100},"functions":{"total":1,"covered":1,"skipped":0,"pct":100},"statements":{"total":3,"covered":3,"skipped":0,"pct":100},"branches":{"total":2,"covered":2,"skipped":0,"pct":100}}
,"/Users/shirlytian/Documents/AN/aui/src/shared/utils/normalizeData.js": {"lines":{"total":6,"covered":6,"skipped":0,"pct":100},"functions":{"total":2,"covered":2,"skipped":0,"pct":100},"statements":{"total":6,"covered":6,"skipped":0,"pct":100},"branches":{"total":6,"covered":6,"skipped":0,"pct":100}}
,"/Users/shirlytian/Documents/AN/aui/src/shared/utils/openTheExistingPage.js": {"lines":{"total":16,"covered":16,"skipped":0,"pct":100},"functions":{"total":1,"covered":1,"skipped":0,"pct":100},"statements":{"total":16,"covered":16,"skipped":0,"pct":100},"branches":{"total":5,"covered":5,"skipped":0,"pct":100}}
,"/Users/shirlytian/Documents/AN/aui/src/shared/utils/reducerHandler.js": {"lines":{"total":5,"covered":5,"skipped":0,"pct":100},"functions":{"total":2,"covered":2,"skipped":0,"pct":100},"statements":{"total":5,"covered":5,"skipped":0,"pct":100},"branches":{"total":3,"covered":3,"skipped":0,"pct":100}}
,"/Users/shirlytian/Documents/AN/aui/src/shared/utils/serialize.js": {"lines":{"total":5,"covered":5,"skipped":0,"pct":100},"functions":{"total":4,"covered":4,"skipped":0,"pct":100},"statements":{"total":6,"covered":6,"skipped":0,"pct":100},"branches":{"total":6,"covered":6,"skipped":0,"pct":100}}
,"/Users/shirlytian/Documents/AN/aui/src/shared/utils/showAndHideAnimation.js": {"lines":{"total":7,"covered":7,"skipped":0,"pct":100},"functions":{"total":1,"covered":1,"skipped":0,"pct":100},"statements":{"total":7,"covered":7,"skipped":0,"pct":100},"branches":{"total":2,"covered":2,"skipped":0,"pct":100}}
,"/Users/shirlytian/Documents/AN/aui/src/shared/utils/sort.js": {"lines":{"total":8,"covered":8,"skipped":0,"pct":100},"functions":{"total":2,"covered":2,"skipped":0,"pct":100},"statements":{"total":8,"covered":8,"skipped":0,"pct":100},"branches":{"total":8,"covered":8,"skipped":0,"pct":100}}
,"/Users/shirlytian/Documents/AN/aui/src/shared/utils/storeShape.js": {"lines":{"total":0,"covered":0,"skipped":0,"pct":100},"functions":{"total":0,"covered":0,"skipped":0,"pct":100},"statements":{"total":0,"covered":0,"skipped":0,"pct":100},"branches":{"total":0,"covered":0,"skipped":0,"pct":100}}
,"/Users/shirlytian/Documents/AN/aui/src/shared/utils/syncRequest.js": {"lines":{"total":25,"covered":25,"skipped":0,"pct":100},"functions":{"total":8,"covered":8,"skipped":0,"pct":100},"statements":{"total":25,"covered":25,"skipped":0,"pct":100},"branches":{"total":15,"covered":15,"skipped":0,"pct":100}}
}
